{"/Users/juampi/bootcamp/collab/skylab-bootcamp-201907/staff/juan-bovo/vltra/vltra-api/logic/comment/add-comment/index.spec.js":{"path":"/Users/juampi/bootcamp/collab/skylab-bootcamp-201907/staff/juan-bovo/vltra/vltra-api/logic/comment/add-comment/index.spec.js","statementMap":{"0":{"start":{"line":1,"column":0},"end":{"line":1,"column":26}},"1":{"start":{"line":3,"column":19},"end":{"line":3,"column":34}},"2":{"start":{"line":4,"column":19},"end":{"line":4,"column":31}},"3":{"start":{"line":5,"column":54},"end":{"line":5,"column":75}},"4":{"start":{"line":7,"column":32},"end":{"line":7,"column":39}},"5":{"start":{"line":9,"column":0},"end":{"line":155,"column":2}},"6":{"start":{"line":10,"column":4},"end":{"line":10,"column":48}},"7":{"start":{"line":10,"column":18},"end":{"line":10,"column":47}},"8":{"start":{"line":14,"column":4},"end":{"line":47,"column":6}},"9":{"start":{"line":15,"column":8},"end":{"line":15,"column":31}},"10":{"start":{"line":16,"column":8},"end":{"line":16,"column":31}},"11":{"start":{"line":17,"column":8},"end":{"line":17,"column":34}},"12":{"start":{"line":21,"column":8},"end":{"line":21,"column":38}},"13":{"start":{"line":22,"column":8},"end":{"line":22,"column":44}},"14":{"start":{"line":23,"column":8},"end":{"line":23,"column":46}},"15":{"start":{"line":24,"column":8},"end":{"line":24,"column":50}},"16":{"start":{"line":25,"column":8},"end":{"line":25,"column":41}},"17":{"start":{"line":26,"column":8},"end":{"line":26,"column":22}},"18":{"start":{"line":27,"column":8},"end":{"line":27,"column":18}},"19":{"start":{"line":29,"column":21},"end":{"line":29,"column":125}},"20":{"start":{"line":30,"column":8},"end":{"line":30,"column":24}},"21":{"start":{"line":34,"column":8},"end":{"line":34,"column":40}},"22":{"start":{"line":35,"column":8},"end":{"line":35,"column":38}},"23":{"start":{"line":36,"column":8},"end":{"line":36,"column":23}},"24":{"start":{"line":37,"column":8},"end":{"line":37,"column":23}},"25":{"start":{"line":38,"column":8},"end":{"line":38,"column":21}},"26":{"start":{"line":39,"column":8},"end":{"line":39,"column":18}},"27":{"start":{"line":41,"column":21},"end":{"line":41,"column":85}},"28":{"start":{"line":42,"column":8},"end":{"line":42,"column":24}},"29":{"start":{"line":45,"column":8},"end":{"line":45,"column":30}},"30":{"start":{"line":46,"column":8},"end":{"line":46,"column":52}},"31":{"start":{"line":49,"column":4},"end":{"line":62,"column":6}},"32":{"start":{"line":50,"column":24},"end":{"line":50,"column":76}},"33":{"start":{"line":52,"column":26},"end":{"line":52,"column":33}},"34":{"start":{"line":54,"column":21},"end":{"line":54,"column":48}},"35":{"start":{"line":56,"column":8},"end":{"line":56,"column":38}},"36":{"start":{"line":57,"column":8},"end":{"line":57,"column":48}},"37":{"start":{"line":58,"column":8},"end":{"line":58,"column":66}},"38":{"start":{"line":59,"column":8},"end":{"line":59,"column":81}},"39":{"start":{"line":60,"column":8},"end":{"line":60,"column":66}},"40":{"start":{"line":61,"column":8},"end":{"line":61,"column":53}},"41":{"start":{"line":64,"column":4},"end":{"line":74,"column":6}},"42":{"start":{"line":65,"column":26},"end":{"line":65,"column":529}},"43":{"start":{"line":67,"column":8},"end":{"line":73,"column":9}},"44":{"start":{"line":68,"column":28},"end":{"line":68,"column":79}},"45":{"start":{"line":71,"column":12},"end":{"line":71,"column":34}},"46":{"start":{"line":72,"column":12},"end":{"line":72,"column":92}},"47":{"start":{"line":76,"column":4},"end":{"line":86,"column":6}},"48":{"start":{"line":77,"column":28},"end":{"line":77,"column":54}},"49":{"start":{"line":79,"column":8},"end":{"line":85,"column":9}},"50":{"start":{"line":80,"column":28},"end":{"line":80,"column":85}},"51":{"start":{"line":83,"column":12},"end":{"line":83,"column":34}},"52":{"start":{"line":84,"column":12},"end":{"line":84,"column":89}},"53":{"start":{"line":88,"column":4},"end":{"line":97,"column":6}},"54":{"start":{"line":90,"column":8},"end":{"line":96,"column":9}},"55":{"start":{"line":91,"column":28},"end":{"line":91,"column":69}},"56":{"start":{"line":94,"column":12},"end":{"line":94,"column":34}},"57":{"start":{"line":95,"column":12},"end":{"line":95,"column":95}},"58":{"start":{"line":99,"column":4},"end":{"line":108,"column":6}},"59":{"start":{"line":101,"column":8},"end":{"line":107,"column":9}},"60":{"start":{"line":102,"column":28},"end":{"line":102,"column":76}},"61":{"start":{"line":105,"column":12},"end":{"line":105,"column":34}},"62":{"start":{"line":106,"column":12},"end":{"line":106,"column":104}},"63":{"start":{"line":110,"column":4},"end":{"line":119,"column":6}},"64":{"start":{"line":112,"column":8},"end":{"line":118,"column":9}},"65":{"start":{"line":113,"column":28},"end":{"line":113,"column":70}},"66":{"start":{"line":116,"column":12},"end":{"line":116,"column":34}},"67":{"start":{"line":117,"column":12},"end":{"line":117,"column":98}},"68":{"start":{"line":121,"column":4},"end":{"line":130,"column":6}},"69":{"start":{"line":123,"column":8},"end":{"line":129,"column":9}},"70":{"start":{"line":124,"column":28},"end":{"line":124,"column":71}},"71":{"start":{"line":127,"column":12},"end":{"line":127,"column":34}},"72":{"start":{"line":128,"column":12},"end":{"line":128,"column":75}},"73":{"start":{"line":132,"column":4},"end":{"line":141,"column":6}},"74":{"start":{"line":134,"column":8},"end":{"line":140,"column":9}},"75":{"start":{"line":135,"column":28},"end":{"line":135,"column":78}},"76":{"start":{"line":138,"column":12},"end":{"line":138,"column":34}},"77":{"start":{"line":139,"column":12},"end":{"line":139,"column":94}},"78":{"start":{"line":143,"column":4},"end":{"line":152,"column":6}},"79":{"start":{"line":145,"column":8},"end":{"line":151,"column":9}},"80":{"start":{"line":146,"column":28},"end":{"line":146,"column":72}},"81":{"start":{"line":149,"column":12},"end":{"line":149,"column":34}},"82":{"start":{"line":150,"column":12},"end":{"line":150,"column":88}},"83":{"start":{"line":154,"column":4},"end":{"line":154,"column":38}},"84":{"start":{"line":154,"column":16},"end":{"line":154,"column":37}}},"fnMap":{"0":{"name":"(anonymous_0)","decl":{"start":{"line":9,"column":42},"end":{"line":9,"column":43}},"loc":{"start":{"line":9,"column":48},"end":{"line":155,"column":1}},"line":9},"1":{"name":"(anonymous_1)","decl":{"start":{"line":10,"column":11},"end":{"line":10,"column":12}},"loc":{"start":{"line":10,"column":18},"end":{"line":10,"column":47}},"line":10},"2":{"name":"(anonymous_2)","decl":{"start":{"line":14,"column":15},"end":{"line":14,"column":16}},"loc":{"start":{"line":14,"column":27},"end":{"line":47,"column":5}},"line":14},"3":{"name":"(anonymous_3)","decl":{"start":{"line":49,"column":47},"end":{"line":49,"column":48}},"loc":{"start":{"line":49,"column":59},"end":{"line":62,"column":5}},"line":49},"4":{"name":"(anonymous_4)","decl":{"start":{"line":64,"column":62},"end":{"line":64,"column":63}},"loc":{"start":{"line":64,"column":74},"end":{"line":74,"column":5}},"line":64},"5":{"name":"(anonymous_5)","decl":{"start":{"line":76,"column":40},"end":{"line":76,"column":41}},"loc":{"start":{"line":76,"column":52},"end":{"line":86,"column":5}},"line":76},"6":{"name":"(anonymous_6)","decl":{"start":{"line":88,"column":45},"end":{"line":88,"column":46}},"loc":{"start":{"line":88,"column":57},"end":{"line":97,"column":5}},"line":88},"7":{"name":"(anonymous_7)","decl":{"start":{"line":99,"column":49},"end":{"line":99,"column":50}},"loc":{"start":{"line":99,"column":61},"end":{"line":108,"column":5}},"line":99},"8":{"name":"(anonymous_8)","decl":{"start":{"line":110,"column":55},"end":{"line":110,"column":56}},"loc":{"start":{"line":110,"column":67},"end":{"line":119,"column":5}},"line":110},"9":{"name":"(anonymous_9)","decl":{"start":{"line":121,"column":43},"end":{"line":121,"column":44}},"loc":{"start":{"line":121,"column":55},"end":{"line":130,"column":5}},"line":121},"10":{"name":"(anonymous_10)","decl":{"start":{"line":132,"column":47},"end":{"line":132,"column":48}},"loc":{"start":{"line":132,"column":59},"end":{"line":141,"column":5}},"line":132},"11":{"name":"(anonymous_11)","decl":{"start":{"line":143,"column":53},"end":{"line":143,"column":54}},"loc":{"start":{"line":143,"column":65},"end":{"line":152,"column":5}},"line":143},"12":{"name":"(anonymous_12)","decl":{"start":{"line":154,"column":10},"end":{"line":154,"column":11}},"loc":{"start":{"line":154,"column":16},"end":{"line":154,"column":37}},"line":154}},"branchMap":{},"s":{"0":1,"1":1,"2":1,"3":1,"4":1,"5":1,"6":1,"7":1,"8":1,"9":9,"10":9,"11":9,"12":9,"13":9,"14":9,"15":9,"16":9,"17":9,"18":9,"19":9,"20":9,"21":9,"22":9,"23":9,"24":9,"25":9,"26":9,"27":9,"28":9,"29":9,"30":9,"31":1,"32":1,"33":1,"34":1,"35":1,"36":1,"37":1,"38":1,"39":1,"40":1,"41":1,"42":1,"43":1,"44":1,"45":1,"46":1,"47":1,"48":1,"49":1,"50":1,"51":1,"52":1,"53":1,"54":1,"55":1,"56":1,"57":1,"58":1,"59":1,"60":1,"61":1,"62":1,"63":1,"64":1,"65":1,"66":1,"67":1,"68":1,"69":1,"70":1,"71":1,"72":1,"73":1,"74":1,"75":1,"76":1,"77":1,"78":1,"79":1,"80":1,"81":1,"82":1,"83":1,"84":1},"f":{"0":1,"1":1,"2":9,"3":1,"4":1,"5":1,"6":1,"7":1,"8":1,"9":1,"10":1,"11":1,"12":1},"b":{},"_coverageSchema":"43e27e138ebf9cfc5966b082cf9a028302ed4184","hash":"16c9e9db9ffd8ed8ecd88bdb99bc97b6132a35e1","contentHash":"a70d2e9d6e0210d9f5888194e8aec9007f339c0f39afa88ddd5a53d44ff12c62"},"/Users/juampi/bootcamp/collab/skylab-bootcamp-201907/staff/juan-bovo/vltra/vltra-api/logic/comment/add-comment/index.js":{"path":"/Users/juampi/bootcamp/collab/skylab-bootcamp-201907/staff/juan-bovo/vltra/vltra-api/logic/comment/add-comment/index.js","statementMap":{"0":{"start":{"line":1,"column":44},"end":{"line":1,"column":65}},"1":{"start":{"line":2,"column":20},"end":{"line":2,"column":42}},"2":{"start":{"line":14,"column":0},"end":{"line":43,"column":1}},"3":{"start":{"line":16,"column":4},"end":{"line":16,"column":39}},"4":{"start":{"line":17,"column":4},"end":{"line":17,"column":53}},"5":{"start":{"line":18,"column":4},"end":{"line":18,"column":47}},"6":{"start":{"line":20,"column":4},"end":{"line":20,"column":94}},"7":{"start":{"line":20,"column":33},"end":{"line":20,"column":94}},"8":{"start":{"line":22,"column":4},"end":{"line":42,"column":8}},"9":{"start":{"line":23,"column":28},"end":{"line":23,"column":36}},"10":{"start":{"line":24,"column":30},"end":{"line":24,"column":64}},"11":{"start":{"line":26,"column":8},"end":{"line":26,"column":81}},"12":{"start":{"line":26,"column":28},"end":{"line":26,"column":81}},"13":{"start":{"line":28,"column":27},"end":{"line":31,"column":10}},"14":{"start":{"line":32,"column":8},"end":{"line":32,"column":48}},"15":{"start":{"line":34,"column":8},"end":{"line":34,"column":47}},"16":{"start":{"line":36,"column":8},"end":{"line":36,"column":34}},"17":{"start":{"line":38,"column":8},"end":{"line":38,"column":48}},"18":{"start":{"line":40,"column":8},"end":{"line":40,"column":27}}},"fnMap":{"0":{"name":"(anonymous_0)","decl":{"start":{"line":14,"column":17},"end":{"line":14,"column":18}},"loc":{"start":{"line":14,"column":62},"end":{"line":43,"column":1}},"line":14},"1":{"name":"(anonymous_1)","decl":{"start":{"line":22,"column":12},"end":{"line":22,"column":13}},"loc":{"start":{"line":22,"column":24},"end":{"line":42,"column":5}},"line":22}},"branchMap":{"0":{"loc":{"start":{"line":20,"column":4},"end":{"line":20,"column":94}},"type":"if","locations":[{"start":{"line":20,"column":4},"end":{"line":20,"column":94}},{"start":{"line":20,"column":4},"end":{"line":20,"column":94}}],"line":20},"1":{"loc":{"start":{"line":26,"column":8},"end":{"line":26,"column":81}},"type":"if","locations":[{"start":{"line":26,"column":8},"end":{"line":26,"column":81}},{"start":{"line":26,"column":8},"end":{"line":26,"column":81}}],"line":26}},"s":{"0":1,"1":1,"2":1,"3":9,"4":9,"5":6,"6":3,"7":1,"8":2,"9":2,"10":2,"11":2,"12":1,"13":1,"14":1,"15":1,"16":1,"17":1,"18":1},"f":{"0":9,"1":2},"b":{"0":[1,2],"1":[1,1]},"_coverageSchema":"43e27e138ebf9cfc5966b082cf9a028302ed4184","hash":"296a4344dafa44952dfdc94134c42ade9d3f7671","contentHash":"726415c785d4e4baf46e5009eb11b9ab10bf3a6bdc8e7a9ada7e387f0bf1fdc2"},"/Users/juampi/bootcamp/collab/skylab-bootcamp-201907/staff/juan-bovo/vltra/vltra-api/logic/comment/delete-comment/index.spec.js":{"path":"/Users/juampi/bootcamp/collab/skylab-bootcamp-201907/staff/juan-bovo/vltra/vltra-api/logic/comment/delete-comment/index.spec.js","statementMap":{"0":{"start":{"line":1,"column":0},"end":{"line":1,"column":26}},"1":{"start":{"line":3,"column":19},"end":{"line":3,"column":34}},"2":{"start":{"line":4,"column":22},"end":{"line":4,"column":34}},"3":{"start":{"line":5,"column":54},"end":{"line":5,"column":75}},"4":{"start":{"line":7,"column":32},"end":{"line":7,"column":39}},"5":{"start":{"line":9,"column":0},"end":{"line":200,"column":2}},"6":{"start":{"line":10,"column":4},"end":{"line":10,"column":48}},"7":{"start":{"line":10,"column":18},"end":{"line":10,"column":47}},"8":{"start":{"line":13,"column":4},"end":{"line":92,"column":6}},"9":{"start":{"line":14,"column":8},"end":{"line":14,"column":31}},"10":{"start":{"line":15,"column":8},"end":{"line":15,"column":31}},"11":{"start":{"line":16,"column":8},"end":{"line":16,"column":34}},"12":{"start":{"line":20,"column":8},"end":{"line":20,"column":38}},"13":{"start":{"line":21,"column":8},"end":{"line":21,"column":44}},"14":{"start":{"line":22,"column":8},"end":{"line":22,"column":46}},"15":{"start":{"line":23,"column":8},"end":{"line":23,"column":50}},"16":{"start":{"line":24,"column":8},"end":{"line":24,"column":41}},"17":{"start":{"line":25,"column":8},"end":{"line":25,"column":22}},"18":{"start":{"line":26,"column":8},"end":{"line":26,"column":18}},"19":{"start":{"line":28,"column":21},"end":{"line":28,"column":125}},"20":{"start":{"line":29,"column":8},"end":{"line":29,"column":24}},"21":{"start":{"line":36,"column":8},"end":{"line":36,"column":40}},"22":{"start":{"line":37,"column":8},"end":{"line":37,"column":38}},"23":{"start":{"line":38,"column":8},"end":{"line":38,"column":23}},"24":{"start":{"line":39,"column":8},"end":{"line":39,"column":23}},"25":{"start":{"line":40,"column":8},"end":{"line":40,"column":21}},"26":{"start":{"line":41,"column":8},"end":{"line":41,"column":18}},"27":{"start":{"line":43,"column":8},"end":{"line":43,"column":41}},"28":{"start":{"line":44,"column":8},"end":{"line":44,"column":39}},"29":{"start":{"line":45,"column":8},"end":{"line":45,"column":24}},"30":{"start":{"line":46,"column":8},"end":{"line":46,"column":24}},"31":{"start":{"line":47,"column":8},"end":{"line":47,"column":22}},"32":{"start":{"line":48,"column":8},"end":{"line":48,"column":19}},"33":{"start":{"line":50,"column":8},"end":{"line":50,"column":41}},"34":{"start":{"line":51,"column":8},"end":{"line":51,"column":39}},"35":{"start":{"line":52,"column":8},"end":{"line":52,"column":24}},"36":{"start":{"line":53,"column":8},"end":{"line":53,"column":24}},"37":{"start":{"line":54,"column":8},"end":{"line":54,"column":22}},"38":{"start":{"line":55,"column":8},"end":{"line":55,"column":19}},"39":{"start":{"line":57,"column":21},"end":{"line":57,"column":85}},"40":{"start":{"line":58,"column":8},"end":{"line":58,"column":24}},"41":{"start":{"line":60,"column":22},"end":{"line":60,"column":144}},"42":{"start":{"line":61,"column":8},"end":{"line":61,"column":26}},"43":{"start":{"line":63,"column":22},"end":{"line":63,"column":144}},"44":{"start":{"line":64,"column":8},"end":{"line":64,"column":26}},"45":{"start":{"line":66,"column":8},"end":{"line":66,"column":30}},"46":{"start":{"line":67,"column":8},"end":{"line":67,"column":53}},"47":{"start":{"line":68,"column":8},"end":{"line":68,"column":53}},"48":{"start":{"line":69,"column":8},"end":{"line":69,"column":53}},"49":{"start":{"line":70,"column":8},"end":{"line":70,"column":53}},"50":{"start":{"line":71,"column":8},"end":{"line":71,"column":30}},"51":{"start":{"line":74,"column":25},"end":{"line":74,"column":94}},"52":{"start":{"line":75,"column":8},"end":{"line":75,"column":32}},"53":{"start":{"line":77,"column":25},"end":{"line":77,"column":94}},"54":{"start":{"line":78,"column":8},"end":{"line":78,"column":32}},"55":{"start":{"line":80,"column":25},"end":{"line":80,"column":94}},"56":{"start":{"line":81,"column":8},"end":{"line":81,"column":32}},"57":{"start":{"line":83,"column":25},"end":{"line":83,"column":94}},"58":{"start":{"line":84,"column":8},"end":{"line":84,"column":32}},"59":{"start":{"line":86,"column":8},"end":{"line":86,"column":56}},"60":{"start":{"line":87,"column":8},"end":{"line":87,"column":37}},"61":{"start":{"line":89,"column":8},"end":{"line":89,"column":25}},"62":{"start":{"line":90,"column":8},"end":{"line":90,"column":26}},"63":{"start":{"line":94,"column":4},"end":{"line":107,"column":6}},"64":{"start":{"line":95,"column":32},"end":{"line":95,"column":71}},"65":{"start":{"line":96,"column":8},"end":{"line":96,"column":44}},"66":{"start":{"line":98,"column":21},"end":{"line":98,"column":48}},"67":{"start":{"line":99,"column":8},"end":{"line":99,"column":51}},"68":{"start":{"line":100,"column":8},"end":{"line":100,"column":59}},"69":{"start":{"line":101,"column":8},"end":{"line":101,"column":59}},"70":{"start":{"line":102,"column":8},"end":{"line":102,"column":45}},"71":{"start":{"line":104,"column":31},"end":{"line":104,"column":65}},"72":{"start":{"line":106,"column":8},"end":{"line":106,"column":43}},"73":{"start":{"line":109,"column":4},"end":{"line":119,"column":6}},"74":{"start":{"line":110,"column":28},"end":{"line":110,"column":54}},"75":{"start":{"line":112,"column":8},"end":{"line":118,"column":9}},"76":{"start":{"line":113,"column":28},"end":{"line":113,"column":72}},"77":{"start":{"line":116,"column":12},"end":{"line":116,"column":34}},"78":{"start":{"line":117,"column":12},"end":{"line":117,"column":89}},"79":{"start":{"line":121,"column":4},"end":{"line":131,"column":6}},"80":{"start":{"line":122,"column":31},"end":{"line":122,"column":57}},"81":{"start":{"line":124,"column":8},"end":{"line":130,"column":9}},"82":{"start":{"line":125,"column":28},"end":{"line":125,"column":71}},"83":{"start":{"line":128,"column":12},"end":{"line":128,"column":34}},"84":{"start":{"line":129,"column":12},"end":{"line":129,"column":94}},"85":{"start":{"line":133,"column":4},"end":{"line":142,"column":6}},"86":{"start":{"line":135,"column":8},"end":{"line":141,"column":9}},"87":{"start":{"line":136,"column":28},"end":{"line":136,"column":63}},"88":{"start":{"line":139,"column":12},"end":{"line":139,"column":34}},"89":{"start":{"line":140,"column":12},"end":{"line":140,"column":88}},"90":{"start":{"line":144,"column":4},"end":{"line":153,"column":6}},"91":{"start":{"line":146,"column":8},"end":{"line":152,"column":9}},"92":{"start":{"line":147,"column":28},"end":{"line":147,"column":70}},"93":{"start":{"line":150,"column":12},"end":{"line":150,"column":34}},"94":{"start":{"line":151,"column":12},"end":{"line":151,"column":97}},"95":{"start":{"line":155,"column":4},"end":{"line":164,"column":6}},"96":{"start":{"line":157,"column":8},"end":{"line":163,"column":9}},"97":{"start":{"line":158,"column":28},"end":{"line":158,"column":67}},"98":{"start":{"line":161,"column":12},"end":{"line":161,"column":34}},"99":{"start":{"line":162,"column":12},"end":{"line":162,"column":94}},"100":{"start":{"line":166,"column":4},"end":{"line":175,"column":6}},"101":{"start":{"line":168,"column":8},"end":{"line":174,"column":9}},"102":{"start":{"line":169,"column":28},"end":{"line":169,"column":59}},"103":{"start":{"line":172,"column":12},"end":{"line":172,"column":34}},"104":{"start":{"line":173,"column":12},"end":{"line":173,"column":91}},"105":{"start":{"line":177,"column":4},"end":{"line":186,"column":6}},"106":{"start":{"line":179,"column":8},"end":{"line":185,"column":9}},"107":{"start":{"line":180,"column":28},"end":{"line":180,"column":66}},"108":{"start":{"line":183,"column":12},"end":{"line":183,"column":34}},"109":{"start":{"line":184,"column":12},"end":{"line":184,"column":100}},"110":{"start":{"line":188,"column":4},"end":{"line":197,"column":6}},"111":{"start":{"line":190,"column":8},"end":{"line":196,"column":9}},"112":{"start":{"line":191,"column":28},"end":{"line":191,"column":63}},"113":{"start":{"line":194,"column":12},"end":{"line":194,"column":34}},"114":{"start":{"line":195,"column":12},"end":{"line":195,"column":97}},"115":{"start":{"line":199,"column":4},"end":{"line":199,"column":38}},"116":{"start":{"line":199,"column":16},"end":{"line":199,"column":37}}},"fnMap":{"0":{"name":"(anonymous_0)","decl":{"start":{"line":9,"column":40},"end":{"line":9,"column":41}},"loc":{"start":{"line":9,"column":46},"end":{"line":200,"column":1}},"line":9},"1":{"name":"(anonymous_1)","decl":{"start":{"line":10,"column":11},"end":{"line":10,"column":12}},"loc":{"start":{"line":10,"column":18},"end":{"line":10,"column":47}},"line":10},"2":{"name":"(anonymous_2)","decl":{"start":{"line":13,"column":15},"end":{"line":13,"column":16}},"loc":{"start":{"line":13,"column":27},"end":{"line":92,"column":5}},"line":13},"3":{"name":"(anonymous_3)","decl":{"start":{"line":94,"column":46},"end":{"line":94,"column":47}},"loc":{"start":{"line":94,"column":58},"end":{"line":107,"column":5}},"line":94},"4":{"name":"(anonymous_4)","decl":{"start":{"line":109,"column":40},"end":{"line":109,"column":41}},"loc":{"start":{"line":109,"column":52},"end":{"line":119,"column":5}},"line":109},"5":{"name":"(anonymous_5)","decl":{"start":{"line":121,"column":46},"end":{"line":121,"column":47}},"loc":{"start":{"line":121,"column":58},"end":{"line":131,"column":5}},"line":121},"6":{"name":"(anonymous_6)","decl":{"start":{"line":133,"column":38},"end":{"line":133,"column":39}},"loc":{"start":{"line":133,"column":50},"end":{"line":142,"column":5}},"line":133},"7":{"name":"(anonymous_7)","decl":{"start":{"line":144,"column":42},"end":{"line":144,"column":43}},"loc":{"start":{"line":144,"column":54},"end":{"line":153,"column":5}},"line":144},"8":{"name":"(anonymous_8)","decl":{"start":{"line":155,"column":48},"end":{"line":155,"column":49}},"loc":{"start":{"line":155,"column":60},"end":{"line":164,"column":5}},"line":155},"9":{"name":"(anonymous_9)","decl":{"start":{"line":166,"column":41},"end":{"line":166,"column":42}},"loc":{"start":{"line":166,"column":53},"end":{"line":175,"column":5}},"line":166},"10":{"name":"(anonymous_10)","decl":{"start":{"line":177,"column":45},"end":{"line":177,"column":46}},"loc":{"start":{"line":177,"column":57},"end":{"line":186,"column":5}},"line":177},"11":{"name":"(anonymous_11)","decl":{"start":{"line":188,"column":51},"end":{"line":188,"column":52}},"loc":{"start":{"line":188,"column":63},"end":{"line":197,"column":5}},"line":188},"12":{"name":"(anonymous_12)","decl":{"start":{"line":199,"column":10},"end":{"line":199,"column":11}},"loc":{"start":{"line":199,"column":16},"end":{"line":199,"column":37}},"line":199}},"branchMap":{},"s":{"0":1,"1":1,"2":1,"3":1,"4":1,"5":1,"6":1,"7":1,"8":1,"9":9,"10":9,"11":9,"12":9,"13":9,"14":9,"15":9,"16":9,"17":9,"18":9,"19":9,"20":9,"21":9,"22":9,"23":9,"24":9,"25":9,"26":9,"27":9,"28":9,"29":9,"30":9,"31":9,"32":9,"33":9,"34":9,"35":9,"36":9,"37":9,"38":9,"39":9,"40":9,"41":9,"42":9,"43":9,"44":9,"45":9,"46":9,"47":9,"48":9,"49":9,"50":9,"51":9,"52":9,"53":9,"54":9,"55":9,"56":9,"57":9,"58":9,"59":9,"60":9,"61":9,"62":9,"63":1,"64":1,"65":1,"66":1,"67":1,"68":1,"69":1,"70":1,"71":1,"72":1,"73":1,"74":1,"75":1,"76":1,"77":1,"78":1,"79":1,"80":1,"81":1,"82":1,"83":1,"84":1,"85":1,"86":1,"87":1,"88":1,"89":1,"90":1,"91":1,"92":1,"93":1,"94":1,"95":1,"96":1,"97":1,"98":1,"99":1,"100":1,"101":1,"102":1,"103":1,"104":1,"105":1,"106":1,"107":1,"108":1,"109":1,"110":1,"111":1,"112":1,"113":1,"114":1,"115":1,"116":1},"f":{"0":1,"1":1,"2":9,"3":1,"4":1,"5":1,"6":1,"7":1,"8":1,"9":1,"10":1,"11":1,"12":1},"b":{},"_coverageSchema":"43e27e138ebf9cfc5966b082cf9a028302ed4184","hash":"7eaf9e1d62ac6757fea6ea26875ea60e7f4bfde2","contentHash":"b7510eacdf604d292112a9be3e6b1fea7e55604d22094b21efc294b1b25d6995"},"/Users/juampi/bootcamp/collab/skylab-bootcamp-201907/staff/juan-bovo/vltra/vltra-api/logic/comment/delete-comment/index.js":{"path":"/Users/juampi/bootcamp/collab/skylab-bootcamp-201907/staff/juan-bovo/vltra/vltra-api/logic/comment/delete-comment/index.js","statementMap":{"0":{"start":{"line":1,"column":44},"end":{"line":1,"column":65}},"1":{"start":{"line":2,"column":20},"end":{"line":2,"column":42}},"2":{"start":{"line":12,"column":0},"end":{"line":31,"column":1}},"3":{"start":{"line":14,"column":4},"end":{"line":14,"column":45}},"4":{"start":{"line":15,"column":4},"end":{"line":15,"column":39}},"5":{"start":{"line":17,"column":4},"end":{"line":30,"column":8}},"6":{"start":{"line":18,"column":21},"end":{"line":18,"column":48}},"7":{"start":{"line":20,"column":8},"end":{"line":20,"column":72}},"8":{"start":{"line":20,"column":19},"end":{"line":20,"column":72}},"9":{"start":{"line":22,"column":29},"end":{"line":22,"column":33}},"10":{"start":{"line":24,"column":22},"end":{"line":24,"column":77}},"11":{"start":{"line":24,"column":52},"end":{"line":24,"column":76}},"12":{"start":{"line":25,"column":8},"end":{"line":25,"column":79}},"13":{"start":{"line":25,"column":21},"end":{"line":25,"column":79}},"14":{"start":{"line":26,"column":8},"end":{"line":26,"column":33}},"15":{"start":{"line":28,"column":8},"end":{"line":28,"column":25}}},"fnMap":{"0":{"name":"(anonymous_0)","decl":{"start":{"line":12,"column":17},"end":{"line":12,"column":18}},"loc":{"start":{"line":12,"column":45},"end":{"line":31,"column":1}},"line":12},"1":{"name":"(anonymous_1)","decl":{"start":{"line":17,"column":12},"end":{"line":17,"column":13}},"loc":{"start":{"line":17,"column":24},"end":{"line":30,"column":5}},"line":17},"2":{"name":"(anonymous_2)","decl":{"start":{"line":24,"column":41},"end":{"line":24,"column":42}},"loc":{"start":{"line":24,"column":52},"end":{"line":24,"column":76}},"line":24}},"branchMap":{"0":{"loc":{"start":{"line":20,"column":8},"end":{"line":20,"column":72}},"type":"if","locations":[{"start":{"line":20,"column":8},"end":{"line":20,"column":72}},{"start":{"line":20,"column":8},"end":{"line":20,"column":72}}],"line":20},"1":{"loc":{"start":{"line":25,"column":8},"end":{"line":25,"column":79}},"type":"if","locations":[{"start":{"line":25,"column":8},"end":{"line":25,"column":79}},{"start":{"line":25,"column":8},"end":{"line":25,"column":79}}],"line":25}},"s":{"0":1,"1":1,"2":1,"3":9,"4":6,"5":3,"6":3,"7":3,"8":1,"9":2,"10":2,"11":5,"12":2,"13":1,"14":1,"15":1},"f":{"0":9,"1":3,"2":5},"b":{"0":[1,2],"1":[1,1]},"_coverageSchema":"43e27e138ebf9cfc5966b082cf9a028302ed4184","hash":"bac69ee07bf1eebe688cc29bfc6c10508ab9f369","contentHash":"e7d40179ab5e1b285dccaee5026bbb353e5cb3c8b6f3cd87c5678b454b26fe09"},"/Users/juampi/bootcamp/collab/skylab-bootcamp-201907/staff/juan-bovo/vltra/vltra-api/logic/comment/retrieve-post-comments/index.spec.js":{"path":"/Users/juampi/bootcamp/collab/skylab-bootcamp-201907/staff/juan-bovo/vltra/vltra-api/logic/comment/retrieve-post-comments/index.spec.js","statementMap":{"0":{"start":{"line":1,"column":0},"end":{"line":1,"column":26}},"1":{"start":{"line":3,"column":19},"end":{"line":3,"column":34}},"2":{"start":{"line":4,"column":30},"end":{"line":4,"column":42}},"3":{"start":{"line":5,"column":54},"end":{"line":5,"column":75}},"4":{"start":{"line":7,"column":32},"end":{"line":7,"column":39}},"5":{"start":{"line":9,"column":0},"end":{"line":160,"column":2}},"6":{"start":{"line":10,"column":4},"end":{"line":10,"column":48}},"7":{"start":{"line":10,"column":18},"end":{"line":10,"column":47}},"8":{"start":{"line":13,"column":4},"end":{"line":88,"column":6}},"9":{"start":{"line":14,"column":8},"end":{"line":14,"column":31}},"10":{"start":{"line":15,"column":8},"end":{"line":15,"column":31}},"11":{"start":{"line":16,"column":8},"end":{"line":16,"column":34}},"12":{"start":{"line":20,"column":8},"end":{"line":20,"column":38}},"13":{"start":{"line":21,"column":8},"end":{"line":21,"column":44}},"14":{"start":{"line":22,"column":8},"end":{"line":22,"column":46}},"15":{"start":{"line":23,"column":8},"end":{"line":23,"column":50}},"16":{"start":{"line":24,"column":8},"end":{"line":24,"column":41}},"17":{"start":{"line":25,"column":8},"end":{"line":25,"column":22}},"18":{"start":{"line":26,"column":8},"end":{"line":26,"column":18}},"19":{"start":{"line":28,"column":21},"end":{"line":28,"column":125}},"20":{"start":{"line":29,"column":8},"end":{"line":29,"column":24}},"21":{"start":{"line":36,"column":8},"end":{"line":36,"column":40}},"22":{"start":{"line":37,"column":8},"end":{"line":37,"column":38}},"23":{"start":{"line":38,"column":8},"end":{"line":38,"column":23}},"24":{"start":{"line":39,"column":8},"end":{"line":39,"column":23}},"25":{"start":{"line":40,"column":8},"end":{"line":40,"column":21}},"26":{"start":{"line":41,"column":8},"end":{"line":41,"column":18}},"27":{"start":{"line":43,"column":8},"end":{"line":43,"column":41}},"28":{"start":{"line":44,"column":8},"end":{"line":44,"column":39}},"29":{"start":{"line":45,"column":8},"end":{"line":45,"column":24}},"30":{"start":{"line":46,"column":8},"end":{"line":46,"column":24}},"31":{"start":{"line":47,"column":8},"end":{"line":47,"column":22}},"32":{"start":{"line":48,"column":8},"end":{"line":48,"column":19}},"33":{"start":{"line":50,"column":8},"end":{"line":50,"column":41}},"34":{"start":{"line":51,"column":8},"end":{"line":51,"column":39}},"35":{"start":{"line":52,"column":8},"end":{"line":52,"column":24}},"36":{"start":{"line":53,"column":8},"end":{"line":53,"column":24}},"37":{"start":{"line":54,"column":8},"end":{"line":54,"column":22}},"38":{"start":{"line":55,"column":8},"end":{"line":55,"column":19}},"39":{"start":{"line":57,"column":21},"end":{"line":57,"column":85}},"40":{"start":{"line":58,"column":8},"end":{"line":58,"column":24}},"41":{"start":{"line":60,"column":22},"end":{"line":60,"column":144}},"42":{"start":{"line":61,"column":8},"end":{"line":61,"column":26}},"43":{"start":{"line":63,"column":22},"end":{"line":63,"column":144}},"44":{"start":{"line":64,"column":8},"end":{"line":64,"column":26}},"45":{"start":{"line":66,"column":8},"end":{"line":66,"column":30}},"46":{"start":{"line":67,"column":8},"end":{"line":67,"column":53}},"47":{"start":{"line":68,"column":8},"end":{"line":68,"column":53}},"48":{"start":{"line":69,"column":8},"end":{"line":69,"column":53}},"49":{"start":{"line":70,"column":8},"end":{"line":70,"column":53}},"50":{"start":{"line":71,"column":8},"end":{"line":71,"column":30}},"51":{"start":{"line":74,"column":25},"end":{"line":74,"column":94}},"52":{"start":{"line":76,"column":25},"end":{"line":76,"column":94}},"53":{"start":{"line":78,"column":25},"end":{"line":78,"column":94}},"54":{"start":{"line":80,"column":25},"end":{"line":80,"column":94}},"55":{"start":{"line":82,"column":8},"end":{"line":82,"column":56}},"56":{"start":{"line":83,"column":8},"end":{"line":83,"column":37}},"57":{"start":{"line":85,"column":8},"end":{"line":85,"column":25}},"58":{"start":{"line":86,"column":8},"end":{"line":86,"column":26}},"59":{"start":{"line":90,"column":4},"end":{"line":95,"column":6}},"60":{"start":{"line":91,"column":29},"end":{"line":91,"column":64}},"61":{"start":{"line":93,"column":8},"end":{"line":93,"column":37}},"62":{"start":{"line":94,"column":8},"end":{"line":94,"column":47}},"63":{"start":{"line":97,"column":4},"end":{"line":106,"column":6}},"64":{"start":{"line":98,"column":29},"end":{"line":98,"column":64}},"65":{"start":{"line":99,"column":30},"end":{"line":99,"column":66}},"66":{"start":{"line":101,"column":8},"end":{"line":101,"column":37}},"67":{"start":{"line":102,"column":8},"end":{"line":102,"column":47}},"68":{"start":{"line":104,"column":8},"end":{"line":104,"column":38}},"69":{"start":{"line":105,"column":8},"end":{"line":105,"column":48}},"70":{"start":{"line":108,"column":4},"end":{"line":112,"column":6}},"71":{"start":{"line":109,"column":35},"end":{"line":109,"column":71}},"72":{"start":{"line":110,"column":8},"end":{"line":110,"column":43}},"73":{"start":{"line":111,"column":8},"end":{"line":111,"column":53}},"74":{"start":{"line":114,"column":4},"end":{"line":124,"column":6}},"75":{"start":{"line":115,"column":28},"end":{"line":115,"column":54}},"76":{"start":{"line":117,"column":8},"end":{"line":123,"column":9}},"77":{"start":{"line":118,"column":33},"end":{"line":118,"column":73}},"78":{"start":{"line":121,"column":12},"end":{"line":121,"column":34}},"79":{"start":{"line":122,"column":12},"end":{"line":122,"column":88}},"80":{"start":{"line":126,"column":4},"end":{"line":135,"column":6}},"81":{"start":{"line":128,"column":8},"end":{"line":134,"column":9}},"82":{"start":{"line":129,"column":28},"end":{"line":129,"column":59}},"83":{"start":{"line":132,"column":12},"end":{"line":132,"column":34}},"84":{"start":{"line":133,"column":12},"end":{"line":133,"column":88}},"85":{"start":{"line":137,"column":4},"end":{"line":146,"column":6}},"86":{"start":{"line":139,"column":8},"end":{"line":145,"column":9}},"87":{"start":{"line":140,"column":28},"end":{"line":140,"column":66}},"88":{"start":{"line":143,"column":12},"end":{"line":143,"column":34}},"89":{"start":{"line":144,"column":12},"end":{"line":144,"column":97}},"90":{"start":{"line":148,"column":4},"end":{"line":157,"column":6}},"91":{"start":{"line":150,"column":8},"end":{"line":156,"column":9}},"92":{"start":{"line":151,"column":28},"end":{"line":151,"column":60}},"93":{"start":{"line":154,"column":12},"end":{"line":154,"column":34}},"94":{"start":{"line":155,"column":12},"end":{"line":155,"column":91}},"95":{"start":{"line":159,"column":4},"end":{"line":159,"column":38}},"96":{"start":{"line":159,"column":16},"end":{"line":159,"column":37}}},"fnMap":{"0":{"name":"(anonymous_0)","decl":{"start":{"line":9,"column":40},"end":{"line":9,"column":41}},"loc":{"start":{"line":9,"column":46},"end":{"line":160,"column":1}},"line":9},"1":{"name":"(anonymous_1)","decl":{"start":{"line":10,"column":11},"end":{"line":10,"column":12}},"loc":{"start":{"line":10,"column":18},"end":{"line":10,"column":47}},"line":10},"2":{"name":"(anonymous_2)","decl":{"start":{"line":13,"column":15},"end":{"line":13,"column":16}},"loc":{"start":{"line":13,"column":27},"end":{"line":88,"column":5}},"line":13},"3":{"name":"(anonymous_3)","decl":{"start":{"line":90,"column":54},"end":{"line":90,"column":55}},"loc":{"start":{"line":90,"column":64},"end":{"line":95,"column":5}},"line":90},"4":{"name":"(anonymous_4)","decl":{"start":{"line":97,"column":66},"end":{"line":97,"column":67}},"loc":{"start":{"line":97,"column":76},"end":{"line":106,"column":5}},"line":97},"5":{"name":"(anonymous_5)","decl":{"start":{"line":108,"column":66},"end":{"line":108,"column":67}},"loc":{"start":{"line":108,"column":76},"end":{"line":112,"column":5}},"line":108},"6":{"name":"(anonymous_6)","decl":{"start":{"line":114,"column":38},"end":{"line":114,"column":39}},"loc":{"start":{"line":114,"column":48},"end":{"line":124,"column":5}},"line":114},"7":{"name":"(anonymous_7)","decl":{"start":{"line":126,"column":38},"end":{"line":126,"column":39}},"loc":{"start":{"line":126,"column":50},"end":{"line":135,"column":5}},"line":126},"8":{"name":"(anonymous_8)","decl":{"start":{"line":137,"column":42},"end":{"line":137,"column":43}},"loc":{"start":{"line":137,"column":54},"end":{"line":146,"column":5}},"line":137},"9":{"name":"(anonymous_9)","decl":{"start":{"line":148,"column":48},"end":{"line":148,"column":49}},"loc":{"start":{"line":148,"column":60},"end":{"line":157,"column":5}},"line":148},"10":{"name":"(anonymous_10)","decl":{"start":{"line":159,"column":10},"end":{"line":159,"column":11}},"loc":{"start":{"line":159,"column":16},"end":{"line":159,"column":37}},"line":159}},"branchMap":{},"s":{"0":1,"1":1,"2":1,"3":1,"4":1,"5":1,"6":1,"7":1,"8":1,"9":7,"10":7,"11":7,"12":7,"13":7,"14":7,"15":7,"16":7,"17":7,"18":7,"19":7,"20":7,"21":7,"22":7,"23":7,"24":7,"25":7,"26":7,"27":7,"28":7,"29":7,"30":7,"31":7,"32":7,"33":7,"34":7,"35":7,"36":7,"37":7,"38":7,"39":7,"40":7,"41":7,"42":7,"43":7,"44":7,"45":7,"46":7,"47":7,"48":7,"49":7,"50":7,"51":7,"52":7,"53":7,"54":7,"55":7,"56":7,"57":7,"58":7,"59":1,"60":1,"61":1,"62":1,"63":1,"64":1,"65":1,"66":1,"67":1,"68":1,"69":1,"70":1,"71":1,"72":1,"73":1,"74":1,"75":1,"76":1,"77":1,"78":1,"79":1,"80":1,"81":1,"82":1,"83":1,"84":1,"85":1,"86":1,"87":1,"88":1,"89":1,"90":1,"91":1,"92":1,"93":1,"94":1,"95":1,"96":1},"f":{"0":1,"1":1,"2":7,"3":1,"4":1,"5":1,"6":1,"7":1,"8":1,"9":1,"10":1},"b":{},"_coverageSchema":"43e27e138ebf9cfc5966b082cf9a028302ed4184","hash":"447a680c0832eeba16b99ddd2850d0df92d7257d","contentHash":"a97275904f97a93ee04718267af0f4d4f956c53256daa1679fcfd10637d9b759"},"/Users/juampi/bootcamp/collab/skylab-bootcamp-201907/staff/juan-bovo/vltra/vltra-api/logic/comment/retrieve-post-comments/index.js":{"path":"/Users/juampi/bootcamp/collab/skylab-bootcamp-201907/staff/juan-bovo/vltra/vltra-api/logic/comment/retrieve-post-comments/index.js","statementMap":{"0":{"start":{"line":1,"column":43},"end":{"line":1,"column":64}},"1":{"start":{"line":2,"column":20},"end":{"line":2,"column":42}},"2":{"start":{"line":11,"column":0},"end":{"line":25,"column":1}},"3":{"start":{"line":12,"column":4},"end":{"line":12,"column":39}},"4":{"start":{"line":14,"column":17},"end":{"line":14,"column":77}},"5":{"start":{"line":16,"column":4},"end":{"line":16,"column":66}},"6":{"start":{"line":16,"column":14},"end":{"line":16,"column":66}},"7":{"start":{"line":18,"column":4},"end":{"line":21,"column":6}},"8":{"start":{"line":19,"column":8},"end":{"line":19,"column":32}},"9":{"start":{"line":20,"column":8},"end":{"line":20,"column":26}},"10":{"start":{"line":24,"column":4},"end":{"line":24,"column":24}}},"fnMap":{"0":{"name":"(anonymous_0)","decl":{"start":{"line":11,"column":17},"end":{"line":11,"column":18}},"loc":{"start":{"line":11,"column":39},"end":{"line":25,"column":1}},"line":11},"1":{"name":"(anonymous_1)","decl":{"start":{"line":18,"column":26},"end":{"line":18,"column":27}},"loc":{"start":{"line":18,"column":37},"end":{"line":21,"column":5}},"line":18}},"branchMap":{"0":{"loc":{"start":{"line":16,"column":4},"end":{"line":16,"column":66}},"type":"if","locations":[{"start":{"line":16,"column":4},"end":{"line":16,"column":66}},{"start":{"line":16,"column":4},"end":{"line":16,"column":66}}],"line":16}},"s":{"0":1,"1":1,"2":1,"3":8,"4":5,"5":5,"6":1,"7":4,"8":7,"9":7,"10":4},"f":{"0":8,"1":7},"b":{"0":[1,4]},"_coverageSchema":"43e27e138ebf9cfc5966b082cf9a028302ed4184","hash":"23004169a8f4edec2789fc8b101fc2ed62017abb","contentHash":"9e7ef54236bb9019ab951929241bf85ddaf4ec379fe2a0a78bb520ae785b6791"},"/Users/juampi/bootcamp/collab/skylab-bootcamp-201907/staff/juan-bovo/vltra/vltra-api/logic/post/create-post/index.spec.js":{"path":"/Users/juampi/bootcamp/collab/skylab-bootcamp-201907/staff/juan-bovo/vltra/vltra-api/logic/post/create-post/index.spec.js","statementMap":{"0":{"start":{"line":1,"column":0},"end":{"line":1,"column":26}},"1":{"start":{"line":3,"column":19},"end":{"line":3,"column":34}},"2":{"start":{"line":4,"column":19},"end":{"line":4,"column":31}},"3":{"start":{"line":5,"column":45},"end":{"line":5,"column":66}},"4":{"start":{"line":7,"column":32},"end":{"line":7,"column":39}},"5":{"start":{"line":9,"column":0},"end":{"line":142,"column":2}},"6":{"start":{"line":10,"column":4},"end":{"line":10,"column":48}},"7":{"start":{"line":10,"column":18},"end":{"line":10,"column":47}},"8":{"start":{"line":14,"column":4},"end":{"line":35,"column":6}},"9":{"start":{"line":15,"column":8},"end":{"line":15,"column":31}},"10":{"start":{"line":16,"column":8},"end":{"line":16,"column":31}},"11":{"start":{"line":20,"column":8},"end":{"line":20,"column":38}},"12":{"start":{"line":21,"column":8},"end":{"line":21,"column":44}},"13":{"start":{"line":22,"column":8},"end":{"line":22,"column":46}},"14":{"start":{"line":23,"column":8},"end":{"line":23,"column":50}},"15":{"start":{"line":24,"column":8},"end":{"line":24,"column":41}},"16":{"start":{"line":25,"column":8},"end":{"line":25,"column":22}},"17":{"start":{"line":26,"column":8},"end":{"line":26,"column":17}},"18":{"start":{"line":28,"column":21},"end":{"line":28,"column":127}},"19":{"start":{"line":32,"column":8},"end":{"line":32,"column":40}},"20":{"start":{"line":33,"column":8},"end":{"line":33,"column":38}},"21":{"start":{"line":34,"column":8},"end":{"line":34,"column":24}},"22":{"start":{"line":37,"column":4},"end":{"line":52,"column":6}},"23":{"start":{"line":38,"column":23},"end":{"line":38,"column":60}},"24":{"start":{"line":40,"column":8},"end":{"line":40,"column":23}},"25":{"start":{"line":41,"column":8},"end":{"line":41,"column":31}},"26":{"start":{"line":43,"column":21},"end":{"line":43,"column":47}},"27":{"start":{"line":45,"column":8},"end":{"line":45,"column":40}},"28":{"start":{"line":46,"column":8},"end":{"line":46,"column":42}},"29":{"start":{"line":47,"column":8},"end":{"line":47,"column":40}},"30":{"start":{"line":48,"column":8},"end":{"line":48,"column":55}},"31":{"start":{"line":49,"column":8},"end":{"line":49,"column":34}},"32":{"start":{"line":50,"column":8},"end":{"line":50,"column":47}},"33":{"start":{"line":51,"column":8},"end":{"line":51,"column":44}},"34":{"start":{"line":54,"column":4},"end":{"line":67,"column":6}},"35":{"start":{"line":55,"column":21},"end":{"line":55,"column":29}},"36":{"start":{"line":56,"column":25},"end":{"line":56,"column":27}},"37":{"start":{"line":57,"column":22},"end":{"line":57,"column":24}},"38":{"start":{"line":59,"column":25},"end":{"line":59,"column":88}},"39":{"start":{"line":60,"column":12},"end":{"line":66,"column":17}},"40":{"start":{"line":61,"column":16},"end":{"line":61,"column":98}},"41":{"start":{"line":62,"column":16},"end":{"line":62,"column":62}},"42":{"start":{"line":64,"column":20},"end":{"line":64,"column":42}},"43":{"start":{"line":65,"column":20},"end":{"line":65,"column":94}},"44":{"start":{"line":69,"column":4},"end":{"line":79,"column":6}},"45":{"start":{"line":70,"column":26},"end":{"line":70,"column":2029}},"46":{"start":{"line":72,"column":8},"end":{"line":78,"column":9}},"47":{"start":{"line":73,"column":12},"end":{"line":73,"column":54}},"48":{"start":{"line":74,"column":12},"end":{"line":74,"column":58}},"49":{"start":{"line":76,"column":12},"end":{"line":76,"column":34}},"50":{"start":{"line":77,"column":12},"end":{"line":77,"column":90}},"51":{"start":{"line":81,"column":4},"end":{"line":91,"column":6}},"52":{"start":{"line":82,"column":27},"end":{"line":82,"column":130}},"53":{"start":{"line":84,"column":8},"end":{"line":90,"column":9}},"54":{"start":{"line":85,"column":12},"end":{"line":85,"column":54}},"55":{"start":{"line":86,"column":12},"end":{"line":86,"column":58}},"56":{"start":{"line":88,"column":12},"end":{"line":88,"column":34}},"57":{"start":{"line":89,"column":12},"end":{"line":89,"column":90}},"58":{"start":{"line":93,"column":4},"end":{"line":97,"column":5}},"59":{"start":{"line":94,"column":8},"end":{"line":96,"column":41}},"60":{"start":{"line":95,"column":12},"end":{"line":95,"column":40}},"61":{"start":{"line":98,"column":4},"end":{"line":102,"column":5}},"62":{"start":{"line":99,"column":8},"end":{"line":101,"column":60}},"63":{"start":{"line":100,"column":12},"end":{"line":100,"column":47}},"64":{"start":{"line":103,"column":4},"end":{"line":107,"column":5}},"65":{"start":{"line":104,"column":8},"end":{"line":106,"column":54}},"66":{"start":{"line":105,"column":12},"end":{"line":105,"column":41}},"67":{"start":{"line":109,"column":4},"end":{"line":113,"column":5}},"68":{"start":{"line":110,"column":8},"end":{"line":112,"column":40}},"69":{"start":{"line":111,"column":12},"end":{"line":111,"column":41}},"70":{"start":{"line":114,"column":4},"end":{"line":118,"column":5}},"71":{"start":{"line":115,"column":8},"end":{"line":117,"column":59}},"72":{"start":{"line":116,"column":12},"end":{"line":116,"column":48}},"73":{"start":{"line":119,"column":4},"end":{"line":123,"column":5}},"74":{"start":{"line":120,"column":8},"end":{"line":122,"column":53}},"75":{"start":{"line":121,"column":12},"end":{"line":121,"column":42}},"76":{"start":{"line":125,"column":4},"end":{"line":129,"column":5}},"77":{"start":{"line":126,"column":8},"end":{"line":128,"column":60}},"78":{"start":{"line":127,"column":12},"end":{"line":127,"column":39}},"79":{"start":{"line":130,"column":4},"end":{"line":134,"column":5}},"80":{"start":{"line":131,"column":8},"end":{"line":133,"column":69}},"81":{"start":{"line":132,"column":12},"end":{"line":132,"column":46}},"82":{"start":{"line":135,"column":4},"end":{"line":139,"column":5}},"83":{"start":{"line":136,"column":8},"end":{"line":138,"column":66}},"84":{"start":{"line":137,"column":12},"end":{"line":137,"column":45}},"85":{"start":{"line":141,"column":4},"end":{"line":141,"column":38}},"86":{"start":{"line":141,"column":16},"end":{"line":141,"column":37}}},"fnMap":{"0":{"name":"(anonymous_0)","decl":{"start":{"line":9,"column":32},"end":{"line":9,"column":33}},"loc":{"start":{"line":9,"column":38},"end":{"line":142,"column":1}},"line":9},"1":{"name":"(anonymous_1)","decl":{"start":{"line":10,"column":11},"end":{"line":10,"column":12}},"loc":{"start":{"line":10,"column":18},"end":{"line":10,"column":47}},"line":10},"2":{"name":"(anonymous_2)","decl":{"start":{"line":14,"column":15},"end":{"line":14,"column":16}},"loc":{"start":{"line":14,"column":27},"end":{"line":35,"column":5}},"line":14},"3":{"name":"(anonymous_3)","decl":{"start":{"line":37,"column":57},"end":{"line":37,"column":58}},"loc":{"start":{"line":37,"column":69},"end":{"line":52,"column":5}},"line":37},"4":{"name":"(anonymous_4)","decl":{"start":{"line":54,"column":57},"end":{"line":54,"column":58}},"loc":{"start":{"line":54,"column":69},"end":{"line":67,"column":5}},"line":54},"5":{"name":"(anonymous_5)","decl":{"start":{"line":69,"column":56},"end":{"line":69,"column":57}},"loc":{"start":{"line":69,"column":68},"end":{"line":79,"column":5}},"line":69},"6":{"name":"(anonymous_6)","decl":{"start":{"line":81,"column":56},"end":{"line":81,"column":57}},"loc":{"start":{"line":81,"column":68},"end":{"line":91,"column":5}},"line":81},"7":{"name":"(anonymous_7)","decl":{"start":{"line":93,"column":37},"end":{"line":93,"column":38}},"loc":{"start":{"line":94,"column":8},"end":{"line":96,"column":41}},"line":94},"8":{"name":"(anonymous_8)","decl":{"start":{"line":94,"column":15},"end":{"line":94,"column":16}},"loc":{"start":{"line":95,"column":12},"end":{"line":95,"column":40}},"line":95},"9":{"name":"(anonymous_9)","decl":{"start":{"line":98,"column":41},"end":{"line":98,"column":42}},"loc":{"start":{"line":99,"column":8},"end":{"line":101,"column":60}},"line":99},"10":{"name":"(anonymous_10)","decl":{"start":{"line":99,"column":15},"end":{"line":99,"column":16}},"loc":{"start":{"line":100,"column":12},"end":{"line":100,"column":47}},"line":100},"11":{"name":"(anonymous_11)","decl":{"start":{"line":103,"column":47},"end":{"line":103,"column":48}},"loc":{"start":{"line":104,"column":8},"end":{"line":106,"column":54}},"line":104},"12":{"name":"(anonymous_12)","decl":{"start":{"line":104,"column":15},"end":{"line":104,"column":16}},"loc":{"start":{"line":105,"column":12},"end":{"line":105,"column":41}},"line":105},"13":{"name":"(anonymous_13)","decl":{"start":{"line":109,"column":36},"end":{"line":109,"column":37}},"loc":{"start":{"line":110,"column":8},"end":{"line":112,"column":40}},"line":110},"14":{"name":"(anonymous_14)","decl":{"start":{"line":110,"column":15},"end":{"line":110,"column":16}},"loc":{"start":{"line":111,"column":12},"end":{"line":111,"column":41}},"line":111},"15":{"name":"(anonymous_15)","decl":{"start":{"line":114,"column":40},"end":{"line":114,"column":41}},"loc":{"start":{"line":115,"column":8},"end":{"line":117,"column":59}},"line":115},"16":{"name":"(anonymous_16)","decl":{"start":{"line":115,"column":15},"end":{"line":115,"column":16}},"loc":{"start":{"line":116,"column":12},"end":{"line":116,"column":48}},"line":116},"17":{"name":"(anonymous_17)","decl":{"start":{"line":119,"column":46},"end":{"line":119,"column":47}},"loc":{"start":{"line":120,"column":8},"end":{"line":122,"column":53}},"line":120},"18":{"name":"(anonymous_18)","decl":{"start":{"line":120,"column":15},"end":{"line":120,"column":16}},"loc":{"start":{"line":121,"column":12},"end":{"line":121,"column":42}},"line":121},"19":{"name":"(anonymous_19)","decl":{"start":{"line":125,"column":38},"end":{"line":125,"column":39}},"loc":{"start":{"line":126,"column":8},"end":{"line":128,"column":60}},"line":126},"20":{"name":"(anonymous_20)","decl":{"start":{"line":126,"column":15},"end":{"line":126,"column":16}},"loc":{"start":{"line":127,"column":12},"end":{"line":127,"column":39}},"line":127},"21":{"name":"(anonymous_21)","decl":{"start":{"line":130,"column":42},"end":{"line":130,"column":43}},"loc":{"start":{"line":131,"column":8},"end":{"line":133,"column":69}},"line":131},"22":{"name":"(anonymous_22)","decl":{"start":{"line":131,"column":15},"end":{"line":131,"column":16}},"loc":{"start":{"line":132,"column":12},"end":{"line":132,"column":46}},"line":132},"23":{"name":"(anonymous_23)","decl":{"start":{"line":135,"column":48},"end":{"line":135,"column":49}},"loc":{"start":{"line":136,"column":8},"end":{"line":138,"column":66}},"line":136},"24":{"name":"(anonymous_24)","decl":{"start":{"line":136,"column":15},"end":{"line":136,"column":16}},"loc":{"start":{"line":137,"column":12},"end":{"line":137,"column":45}},"line":137},"25":{"name":"(anonymous_25)","decl":{"start":{"line":141,"column":10},"end":{"line":141,"column":11}},"loc":{"start":{"line":141,"column":16},"end":{"line":141,"column":37}},"line":141}},"branchMap":{},"s":{"0":1,"1":1,"2":1,"3":1,"4":1,"5":1,"6":1,"7":1,"8":1,"9":13,"10":13,"11":13,"12":13,"13":13,"14":13,"15":13,"16":13,"17":13,"18":13,"19":13,"20":13,"21":13,"22":1,"23":1,"24":1,"25":1,"26":1,"27":1,"28":1,"29":1,"30":1,"31":1,"32":1,"33":1,"34":1,"35":1,"36":1,"37":1,"38":1,"39":1,"40":1,"41":0,"42":1,"43":1,"44":1,"45":1,"46":1,"47":1,"48":0,"49":1,"50":1,"51":1,"52":1,"53":1,"54":1,"55":0,"56":1,"57":1,"58":1,"59":1,"60":1,"61":1,"62":1,"63":1,"64":1,"65":1,"66":1,"67":1,"68":1,"69":1,"70":1,"71":1,"72":1,"73":1,"74":1,"75":1,"76":1,"77":1,"78":1,"79":1,"80":1,"81":1,"82":1,"83":1,"84":1,"85":1,"86":1},"f":{"0":1,"1":1,"2":13,"3":1,"4":1,"5":1,"6":1,"7":1,"8":1,"9":1,"10":1,"11":1,"12":1,"13":1,"14":1,"15":1,"16":1,"17":1,"18":1,"19":1,"20":1,"21":1,"22":1,"23":1,"24":1,"25":1},"b":{},"_coverageSchema":"43e27e138ebf9cfc5966b082cf9a028302ed4184","hash":"30be44807b83441d6ec64e073d6d4d703cbc5d38","contentHash":"69900991a544eb3ee87c758578bda84e839c7256608b7d708e254587aac9476c"},"/Users/juampi/bootcamp/collab/skylab-bootcamp-201907/staff/juan-bovo/vltra/vltra-api/logic/post/create-post/index.js":{"path":"/Users/juampi/bootcamp/collab/skylab-bootcamp-201907/staff/juan-bovo/vltra/vltra-api/logic/post/create-post/index.js","statementMap":{"0":{"start":{"line":1,"column":35},"end":{"line":1,"column":56}},"1":{"start":{"line":2,"column":20},"end":{"line":2,"column":42}},"2":{"start":{"line":14,"column":0},"end":{"line":49,"column":1}},"3":{"start":{"line":16,"column":4},"end":{"line":16,"column":35}},"4":{"start":{"line":17,"column":4},"end":{"line":17,"column":33}},"5":{"start":{"line":18,"column":4},"end":{"line":18,"column":39}},"6":{"start":{"line":20,"column":4},"end":{"line":20,"column":86}},"7":{"start":{"line":20,"column":27},"end":{"line":20,"column":86}},"8":{"start":{"line":21,"column":4},"end":{"line":21,"column":86}},"9":{"start":{"line":21,"column":27},"end":{"line":21,"column":86}},"10":{"start":{"line":23,"column":4},"end":{"line":48,"column":8}},"11":{"start":{"line":24,"column":21},"end":{"line":24,"column":29}},"12":{"start":{"line":25,"column":25},"end":{"line":25,"column":27}},"13":{"start":{"line":26,"column":22},"end":{"line":26,"column":24}},"14":{"start":{"line":28,"column":21},"end":{"line":28,"column":49}},"15":{"start":{"line":29,"column":8},"end":{"line":29,"column":73}},"16":{"start":{"line":29,"column":18},"end":{"line":29,"column":73}},"17":{"start":{"line":31,"column":24},"end":{"line":37,"column":10}},"18":{"start":{"line":38,"column":8},"end":{"line":38,"column":31}},"19":{"start":{"line":40,"column":8},"end":{"line":40,"column":29}},"20":{"start":{"line":42,"column":25},"end":{"line":42,"column":53}},"21":{"start":{"line":44,"column":8},"end":{"line":44,"column":43}},"22":{"start":{"line":46,"column":8},"end":{"line":46,"column":24}}},"fnMap":{"0":{"name":"(anonymous_0)","decl":{"start":{"line":14,"column":17},"end":{"line":14,"column":18}},"loc":{"start":{"line":14,"column":47},"end":{"line":49,"column":1}},"line":14},"1":{"name":"(anonymous_1)","decl":{"start":{"line":23,"column":12},"end":{"line":23,"column":13}},"loc":{"start":{"line":23,"column":24},"end":{"line":48,"column":5}},"line":23}},"branchMap":{"0":{"loc":{"start":{"line":20,"column":4},"end":{"line":20,"column":86}},"type":"if","locations":[{"start":{"line":20,"column":4},"end":{"line":20,"column":86}},{"start":{"line":20,"column":4},"end":{"line":20,"column":86}}],"line":20},"1":{"loc":{"start":{"line":21,"column":4},"end":{"line":21,"column":86}},"type":"if","locations":[{"start":{"line":21,"column":4},"end":{"line":21,"column":86}},{"start":{"line":21,"column":4},"end":{"line":21,"column":86}}],"line":21},"2":{"loc":{"start":{"line":29,"column":8},"end":{"line":29,"column":73}},"type":"if","locations":[{"start":{"line":29,"column":8},"end":{"line":29,"column":73}},{"start":{"line":29,"column":8},"end":{"line":29,"column":73}}],"line":29}},"s":{"0":1,"1":1,"2":1,"3":13,"4":10,"5":7,"6":4,"7":1,"8":3,"9":1,"10":2,"11":2,"12":2,"13":2,"14":2,"15":2,"16":1,"17":1,"18":1,"19":1,"20":1,"21":1,"22":1},"f":{"0":13,"1":2},"b":{"0":[1,3],"1":[1,2],"2":[1,1]},"_coverageSchema":"43e27e138ebf9cfc5966b082cf9a028302ed4184","hash":"04ac796585fb16ed44676778ac08501ec6fe37fc","contentHash":"6a0875624a6f05f6fc90c0cd61797aa72b9b08ce9574d7448c5fa84a1e1822f8"},"/Users/juampi/bootcamp/collab/skylab-bootcamp-201907/staff/juan-bovo/vltra/vltra-api/logic/post/delete-post/index.spec.js":{"path":"/Users/juampi/bootcamp/collab/skylab-bootcamp-201907/staff/juan-bovo/vltra/vltra-api/logic/post/delete-post/index.spec.js","statementMap":{"0":{"start":{"line":1,"column":0},"end":{"line":1,"column":26}},"1":{"start":{"line":3,"column":19},"end":{"line":3,"column":34}},"2":{"start":{"line":4,"column":19},"end":{"line":4,"column":31}},"3":{"start":{"line":5,"column":45},"end":{"line":5,"column":66}},"4":{"start":{"line":7,"column":32},"end":{"line":7,"column":39}},"5":{"start":{"line":10,"column":0},"end":{"line":115,"column":2}},"6":{"start":{"line":11,"column":4},"end":{"line":11,"column":48}},"7":{"start":{"line":11,"column":18},"end":{"line":11,"column":47}},"8":{"start":{"line":15,"column":4},"end":{"line":41,"column":6}},"9":{"start":{"line":16,"column":8},"end":{"line":16,"column":31}},"10":{"start":{"line":17,"column":8},"end":{"line":17,"column":31}},"11":{"start":{"line":21,"column":8},"end":{"line":21,"column":38}},"12":{"start":{"line":22,"column":8},"end":{"line":22,"column":44}},"13":{"start":{"line":23,"column":8},"end":{"line":23,"column":46}},"14":{"start":{"line":24,"column":8},"end":{"line":24,"column":50}},"15":{"start":{"line":25,"column":8},"end":{"line":25,"column":41}},"16":{"start":{"line":26,"column":8},"end":{"line":26,"column":22}},"17":{"start":{"line":27,"column":8},"end":{"line":27,"column":18}},"18":{"start":{"line":29,"column":21},"end":{"line":29,"column":127}},"19":{"start":{"line":30,"column":8},"end":{"line":30,"column":24}},"20":{"start":{"line":32,"column":8},"end":{"line":32,"column":40}},"21":{"start":{"line":33,"column":8},"end":{"line":33,"column":38}},"22":{"start":{"line":34,"column":8},"end":{"line":34,"column":24}},"23":{"start":{"line":35,"column":8},"end":{"line":35,"column":23}},"24":{"start":{"line":36,"column":8},"end":{"line":36,"column":21}},"25":{"start":{"line":37,"column":8},"end":{"line":37,"column":18}},"26":{"start":{"line":39,"column":21},"end":{"line":39,"column":84}},"27":{"start":{"line":40,"column":8},"end":{"line":40,"column":24}},"28":{"start":{"line":43,"column":4},"end":{"line":52,"column":6}},"29":{"start":{"line":44,"column":21},"end":{"line":44,"column":53}},"30":{"start":{"line":46,"column":8},"end":{"line":46,"column":33}},"31":{"start":{"line":48,"column":26},"end":{"line":48,"column":53}},"32":{"start":{"line":50,"column":8},"end":{"line":50,"column":38}},"33":{"start":{"line":54,"column":4},"end":{"line":64,"column":6}},"34":{"start":{"line":55,"column":28},"end":{"line":55,"column":54}},"35":{"start":{"line":57,"column":8},"end":{"line":63,"column":13}},"36":{"start":{"line":58,"column":25},"end":{"line":58,"column":62}},"37":{"start":{"line":59,"column":12},"end":{"line":59,"column":58}},"38":{"start":{"line":61,"column":16},"end":{"line":61,"column":38}},"39":{"start":{"line":62,"column":16},"end":{"line":62,"column":92}},"40":{"start":{"line":66,"column":4},"end":{"line":76,"column":6}},"41":{"start":{"line":67,"column":28},"end":{"line":67,"column":54}},"42":{"start":{"line":69,"column":8},"end":{"line":75,"column":13}},"43":{"start":{"line":70,"column":25},"end":{"line":70,"column":62}},"44":{"start":{"line":71,"column":12},"end":{"line":71,"column":58}},"45":{"start":{"line":73,"column":16},"end":{"line":73,"column":38}},"46":{"start":{"line":74,"column":16},"end":{"line":74,"column":107}},"47":{"start":{"line":78,"column":4},"end":{"line":82,"column":5}},"48":{"start":{"line":79,"column":8},"end":{"line":81,"column":64}},"49":{"start":{"line":80,"column":12},"end":{"line":80,"column":34}},"50":{"start":{"line":83,"column":4},"end":{"line":87,"column":5}},"51":{"start":{"line":84,"column":8},"end":{"line":86,"column":73}},"52":{"start":{"line":85,"column":12},"end":{"line":85,"column":41}},"53":{"start":{"line":88,"column":4},"end":{"line":93,"column":5}},"54":{"start":{"line":89,"column":8},"end":{"line":92,"column":67}},"55":{"start":{"line":90,"column":12},"end":{"line":90,"column":35}},"56":{"start":{"line":95,"column":4},"end":{"line":99,"column":5}},"57":{"start":{"line":96,"column":8},"end":{"line":98,"column":64}},"58":{"start":{"line":97,"column":12},"end":{"line":97,"column":34}},"59":{"start":{"line":101,"column":4},"end":{"line":105,"column":5}},"60":{"start":{"line":102,"column":8},"end":{"line":104,"column":73}},"61":{"start":{"line":103,"column":12},"end":{"line":103,"column":41}},"62":{"start":{"line":107,"column":4},"end":{"line":112,"column":5}},"63":{"start":{"line":108,"column":8},"end":{"line":111,"column":67}},"64":{"start":{"line":109,"column":12},"end":{"line":109,"column":35}},"65":{"start":{"line":114,"column":4},"end":{"line":114,"column":38}},"66":{"start":{"line":114,"column":16},"end":{"line":114,"column":37}}},"fnMap":{"0":{"name":"(anonymous_0)","decl":{"start":{"line":10,"column":32},"end":{"line":10,"column":33}},"loc":{"start":{"line":10,"column":38},"end":{"line":115,"column":1}},"line":10},"1":{"name":"(anonymous_1)","decl":{"start":{"line":11,"column":11},"end":{"line":11,"column":12}},"loc":{"start":{"line":11,"column":18},"end":{"line":11,"column":47}},"line":11},"2":{"name":"(anonymous_2)","decl":{"start":{"line":15,"column":15},"end":{"line":15,"column":16}},"loc":{"start":{"line":15,"column":27},"end":{"line":41,"column":5}},"line":15},"3":{"name":"(anonymous_3)","decl":{"start":{"line":43,"column":54},"end":{"line":43,"column":55}},"loc":{"start":{"line":43,"column":66},"end":{"line":52,"column":5}},"line":43},"4":{"name":"(anonymous_4)","decl":{"start":{"line":54,"column":39},"end":{"line":54,"column":40}},"loc":{"start":{"line":54,"column":50},"end":{"line":64,"column":5}},"line":54},"5":{"name":"(anonymous_5)","decl":{"start":{"line":66,"column":39},"end":{"line":66,"column":40}},"loc":{"start":{"line":66,"column":50},"end":{"line":76,"column":5}},"line":66},"6":{"name":"(anonymous_6)","decl":{"start":{"line":78,"column":38},"end":{"line":78,"column":39}},"loc":{"start":{"line":79,"column":8},"end":{"line":81,"column":64}},"line":79},"7":{"name":"(anonymous_7)","decl":{"start":{"line":79,"column":15},"end":{"line":79,"column":16}},"loc":{"start":{"line":80,"column":12},"end":{"line":80,"column":34}},"line":80},"8":{"name":"(anonymous_8)","decl":{"start":{"line":83,"column":42},"end":{"line":83,"column":43}},"loc":{"start":{"line":84,"column":8},"end":{"line":86,"column":73}},"line":84},"9":{"name":"(anonymous_9)","decl":{"start":{"line":84,"column":15},"end":{"line":84,"column":16}},"loc":{"start":{"line":85,"column":12},"end":{"line":85,"column":41}},"line":85},"10":{"name":"(anonymous_10)","decl":{"start":{"line":88,"column":48},"end":{"line":88,"column":49}},"loc":{"start":{"line":89,"column":8},"end":{"line":92,"column":67}},"line":89},"11":{"name":"(anonymous_11)","decl":{"start":{"line":89,"column":15},"end":{"line":89,"column":16}},"loc":{"start":{"line":89,"column":20},"end":{"line":91,"column":9}},"line":89},"12":{"name":"(anonymous_12)","decl":{"start":{"line":95,"column":38},"end":{"line":95,"column":39}},"loc":{"start":{"line":96,"column":8},"end":{"line":98,"column":64}},"line":96},"13":{"name":"(anonymous_13)","decl":{"start":{"line":96,"column":15},"end":{"line":96,"column":16}},"loc":{"start":{"line":97,"column":12},"end":{"line":97,"column":34}},"line":97},"14":{"name":"(anonymous_14)","decl":{"start":{"line":101,"column":42},"end":{"line":101,"column":43}},"loc":{"start":{"line":102,"column":8},"end":{"line":104,"column":73}},"line":102},"15":{"name":"(anonymous_15)","decl":{"start":{"line":102,"column":15},"end":{"line":102,"column":16}},"loc":{"start":{"line":103,"column":12},"end":{"line":103,"column":41}},"line":103},"16":{"name":"(anonymous_16)","decl":{"start":{"line":107,"column":48},"end":{"line":107,"column":49}},"loc":{"start":{"line":108,"column":8},"end":{"line":111,"column":67}},"line":108},"17":{"name":"(anonymous_17)","decl":{"start":{"line":108,"column":15},"end":{"line":108,"column":16}},"loc":{"start":{"line":108,"column":20},"end":{"line":110,"column":9}},"line":108},"18":{"name":"(anonymous_18)","decl":{"start":{"line":114,"column":10},"end":{"line":114,"column":11}},"loc":{"start":{"line":114,"column":16},"end":{"line":114,"column":37}},"line":114}},"branchMap":{},"s":{"0":1,"1":1,"2":1,"3":1,"4":1,"5":1,"6":1,"7":1,"8":1,"9":9,"10":9,"11":9,"12":9,"13":9,"14":9,"15":9,"16":9,"17":9,"18":9,"19":9,"20":9,"21":9,"22":9,"23":9,"24":9,"25":9,"26":9,"27":9,"28":1,"29":1,"30":1,"31":1,"32":1,"33":1,"34":1,"35":1,"36":1,"37":0,"38":1,"39":1,"40":1,"41":1,"42":1,"43":1,"44":0,"45":1,"46":1,"47":1,"48":1,"49":1,"50":1,"51":1,"52":1,"53":1,"54":1,"55":1,"56":1,"57":1,"58":1,"59":1,"60":1,"61":1,"62":1,"63":1,"64":1,"65":1,"66":1},"f":{"0":1,"1":1,"2":9,"3":1,"4":1,"5":1,"6":1,"7":1,"8":1,"9":1,"10":1,"11":1,"12":1,"13":1,"14":1,"15":1,"16":1,"17":1,"18":1},"b":{},"_coverageSchema":"43e27e138ebf9cfc5966b082cf9a028302ed4184","hash":"11d24f5be4d32a9865672e57ef652171392ed0c3","contentHash":"eeae0f1fc7fddda22d3671d59fb44fdfe7e8b86352d1f31a481953ef1c466821"},"/Users/juampi/bootcamp/collab/skylab-bootcamp-201907/staff/juan-bovo/vltra/vltra-api/logic/post/delete-post/index.js":{"path":"/Users/juampi/bootcamp/collab/skylab-bootcamp-201907/staff/juan-bovo/vltra/vltra-api/logic/post/delete-post/index.js","statementMap":{"0":{"start":{"line":1,"column":35},"end":{"line":1,"column":56}},"1":{"start":{"line":2,"column":20},"end":{"line":2,"column":42}},"2":{"start":{"line":12,"column":0},"end":{"line":27,"column":1}},"3":{"start":{"line":14,"column":4},"end":{"line":14,"column":39}},"4":{"start":{"line":15,"column":4},"end":{"line":15,"column":39}},"5":{"start":{"line":17,"column":4},"end":{"line":26,"column":8}},"6":{"start":{"line":18,"column":21},"end":{"line":18,"column":48}},"7":{"start":{"line":20,"column":8},"end":{"line":20,"column":71}},"8":{"start":{"line":20,"column":19},"end":{"line":20,"column":71}},"9":{"start":{"line":22,"column":8},"end":{"line":22,"column":114}},"10":{"start":{"line":22,"column":47},"end":{"line":22,"column":114}},"11":{"start":{"line":24,"column":8},"end":{"line":24,"column":46}}},"fnMap":{"0":{"name":"(anonymous_0)","decl":{"start":{"line":12,"column":17},"end":{"line":12,"column":18}},"loc":{"start":{"line":12,"column":42},"end":{"line":27,"column":1}},"line":12},"1":{"name":"(anonymous_1)","decl":{"start":{"line":17,"column":12},"end":{"line":17,"column":13}},"loc":{"start":{"line":17,"column":24},"end":{"line":26,"column":5}},"line":17}},"branchMap":{"0":{"loc":{"start":{"line":20,"column":8},"end":{"line":20,"column":71}},"type":"if","locations":[{"start":{"line":20,"column":8},"end":{"line":20,"column":71}},{"start":{"line":20,"column":8},"end":{"line":20,"column":71}}],"line":20},"1":{"loc":{"start":{"line":22,"column":8},"end":{"line":22,"column":114}},"type":"if","locations":[{"start":{"line":22,"column":8},"end":{"line":22,"column":114}},{"start":{"line":22,"column":8},"end":{"line":22,"column":114}}],"line":22}},"s":{"0":1,"1":1,"2":1,"3":9,"4":6,"5":3,"6":3,"7":3,"8":1,"9":2,"10":1,"11":1},"f":{"0":9,"1":3},"b":{"0":[1,2],"1":[1,1]},"_coverageSchema":"43e27e138ebf9cfc5966b082cf9a028302ed4184","hash":"b28897ab88074aea592b75aa9b45433aa4ca2ea7","contentHash":"884bc6b25c93d10bee1a2bec4286233f7de73168d016767b772af7b9fd9d138f"},"/Users/juampi/bootcamp/collab/skylab-bootcamp-201907/staff/juan-bovo/vltra/vltra-api/logic/post/retrieve-all-posts/index.spec.js":{"path":"/Users/juampi/bootcamp/collab/skylab-bootcamp-201907/staff/juan-bovo/vltra/vltra-api/logic/post/retrieve-all-posts/index.spec.js","statementMap":{"0":{"start":{"line":1,"column":0},"end":{"line":1,"column":26}},"1":{"start":{"line":3,"column":19},"end":{"line":3,"column":34}},"2":{"start":{"line":4,"column":25},"end":{"line":4,"column":37}},"3":{"start":{"line":5,"column":45},"end":{"line":5,"column":66}},"4":{"start":{"line":7,"column":32},"end":{"line":7,"column":39}},"5":{"start":{"line":9,"column":0},"end":{"line":110,"column":2}},"6":{"start":{"line":10,"column":4},"end":{"line":10,"column":48}},"7":{"start":{"line":10,"column":18},"end":{"line":10,"column":47}},"8":{"start":{"line":18,"column":4},"end":{"line":88,"column":6}},"9":{"start":{"line":19,"column":8},"end":{"line":19,"column":31}},"10":{"start":{"line":20,"column":8},"end":{"line":20,"column":31}},"11":{"start":{"line":25,"column":8},"end":{"line":25,"column":38}},"12":{"start":{"line":26,"column":8},"end":{"line":26,"column":44}},"13":{"start":{"line":27,"column":8},"end":{"line":27,"column":46}},"14":{"start":{"line":28,"column":8},"end":{"line":28,"column":50}},"15":{"start":{"line":29,"column":8},"end":{"line":29,"column":41}},"16":{"start":{"line":30,"column":8},"end":{"line":30,"column":22}},"17":{"start":{"line":31,"column":8},"end":{"line":31,"column":18}},"18":{"start":{"line":33,"column":8},"end":{"line":33,"column":39}},"19":{"start":{"line":34,"column":8},"end":{"line":34,"column":45}},"20":{"start":{"line":35,"column":8},"end":{"line":35,"column":47}},"21":{"start":{"line":36,"column":8},"end":{"line":36,"column":51}},"22":{"start":{"line":37,"column":8},"end":{"line":37,"column":42}},"23":{"start":{"line":38,"column":8},"end":{"line":38,"column":23}},"24":{"start":{"line":39,"column":8},"end":{"line":39,"column":19}},"25":{"start":{"line":41,"column":21},"end":{"line":41,"column":127}},"26":{"start":{"line":42,"column":8},"end":{"line":42,"column":26}},"27":{"start":{"line":44,"column":22},"end":{"line":44,"column":178}},"28":{"start":{"line":45,"column":8},"end":{"line":45,"column":28}},"29":{"start":{"line":47,"column":8},"end":{"line":47,"column":40}},"30":{"start":{"line":48,"column":8},"end":{"line":48,"column":38}},"31":{"start":{"line":50,"column":8},"end":{"line":50,"column":23}},"32":{"start":{"line":51,"column":8},"end":{"line":51,"column":21}},"33":{"start":{"line":52,"column":8},"end":{"line":52,"column":18}},"34":{"start":{"line":54,"column":8},"end":{"line":54,"column":41}},"35":{"start":{"line":55,"column":8},"end":{"line":55,"column":39}},"36":{"start":{"line":57,"column":8},"end":{"line":57,"column":24}},"37":{"start":{"line":58,"column":8},"end":{"line":58,"column":22}},"38":{"start":{"line":59,"column":8},"end":{"line":59,"column":19}},"39":{"start":{"line":61,"column":8},"end":{"line":61,"column":41}},"40":{"start":{"line":62,"column":8},"end":{"line":62,"column":39}},"41":{"start":{"line":64,"column":8},"end":{"line":64,"column":24}},"42":{"start":{"line":65,"column":8},"end":{"line":65,"column":22}},"43":{"start":{"line":66,"column":8},"end":{"line":66,"column":19}},"44":{"start":{"line":68,"column":8},"end":{"line":68,"column":41}},"45":{"start":{"line":69,"column":8},"end":{"line":69,"column":39}},"46":{"start":{"line":71,"column":8},"end":{"line":71,"column":24}},"47":{"start":{"line":72,"column":8},"end":{"line":72,"column":22}},"48":{"start":{"line":73,"column":8},"end":{"line":73,"column":19}},"49":{"start":{"line":77,"column":21},"end":{"line":77,"column":95}},"50":{"start":{"line":78,"column":8},"end":{"line":78,"column":24}},"51":{"start":{"line":80,"column":22},"end":{"line":80,"column":145}},"52":{"start":{"line":81,"column":8},"end":{"line":81,"column":26}},"53":{"start":{"line":83,"column":22},"end":{"line":83,"column":146}},"54":{"start":{"line":84,"column":8},"end":{"line":84,"column":26}},"55":{"start":{"line":86,"column":22},"end":{"line":86,"column":146}},"56":{"start":{"line":87,"column":8},"end":{"line":87,"column":26}},"57":{"start":{"line":90,"column":4},"end":{"line":95,"column":6}},"58":{"start":{"line":91,"column":25},"end":{"line":91,"column":49}},"59":{"start":{"line":93,"column":8},"end":{"line":93,"column":33}},"60":{"start":{"line":94,"column":8},"end":{"line":94,"column":43}},"61":{"start":{"line":97,"column":4},"end":{"line":107,"column":6}},"62":{"start":{"line":98,"column":8},"end":{"line":98,"column":31}},"63":{"start":{"line":100,"column":8},"end":{"line":106,"column":5}},"64":{"start":{"line":101,"column":29},"end":{"line":101,"column":53}},"65":{"start":{"line":102,"column":12},"end":{"line":102,"column":58}},"66":{"start":{"line":104,"column":12},"end":{"line":104,"column":34}},"67":{"start":{"line":105,"column":12},"end":{"line":105,"column":75}},"68":{"start":{"line":109,"column":4},"end":{"line":109,"column":38}},"69":{"start":{"line":109,"column":16},"end":{"line":109,"column":37}}},"fnMap":{"0":{"name":"(anonymous_0)","decl":{"start":{"line":9,"column":39},"end":{"line":9,"column":40}},"loc":{"start":{"line":9,"column":45},"end":{"line":110,"column":1}},"line":9},"1":{"name":"(anonymous_1)","decl":{"start":{"line":10,"column":11},"end":{"line":10,"column":12}},"loc":{"start":{"line":10,"column":18},"end":{"line":10,"column":47}},"line":10},"2":{"name":"(anonymous_2)","decl":{"start":{"line":18,"column":15},"end":{"line":18,"column":16}},"loc":{"start":{"line":18,"column":27},"end":{"line":88,"column":5}},"line":18},"3":{"name":"(anonymous_3)","decl":{"start":{"line":90,"column":39},"end":{"line":90,"column":40}},"loc":{"start":{"line":90,"column":51},"end":{"line":95,"column":5}},"line":90},"4":{"name":"(anonymous_4)","decl":{"start":{"line":97,"column":44},"end":{"line":97,"column":45}},"loc":{"start":{"line":97,"column":56},"end":{"line":107,"column":5}},"line":97},"5":{"name":"(anonymous_5)","decl":{"start":{"line":109,"column":10},"end":{"line":109,"column":11}},"loc":{"start":{"line":109,"column":16},"end":{"line":109,"column":37}},"line":109}},"branchMap":{},"s":{"0":1,"1":1,"2":1,"3":1,"4":1,"5":1,"6":1,"7":1,"8":1,"9":2,"10":2,"11":2,"12":2,"13":2,"14":2,"15":2,"16":2,"17":2,"18":2,"19":2,"20":2,"21":2,"22":2,"23":2,"24":2,"25":2,"26":2,"27":2,"28":2,"29":2,"30":2,"31":2,"32":2,"33":2,"34":2,"35":2,"36":2,"37":2,"38":2,"39":2,"40":2,"41":2,"42":2,"43":2,"44":2,"45":2,"46":2,"47":2,"48":2,"49":2,"50":2,"51":2,"52":2,"53":2,"54":2,"55":2,"56":2,"57":1,"58":1,"59":1,"60":1,"61":1,"62":1,"63":1,"64":1,"65":0,"66":1,"67":1,"68":1,"69":1},"f":{"0":1,"1":1,"2":2,"3":1,"4":1,"5":1},"b":{},"_coverageSchema":"43e27e138ebf9cfc5966b082cf9a028302ed4184","hash":"6fcfa9c973de944b57dd3a84f91a2ccc6b1234ed","contentHash":"2ddc5e5de8efcd3d70465c0aed98d3e11fcba1abec818423027c0747d4535e73"},"/Users/juampi/bootcamp/collab/skylab-bootcamp-201907/staff/juan-bovo/vltra/vltra-api/logic/post/retrieve-all-posts/index.js":{"path":"/Users/juampi/bootcamp/collab/skylab-bootcamp-201907/staff/juan-bovo/vltra/vltra-api/logic/post/retrieve-all-posts/index.js","statementMap":{"0":{"start":{"line":1,"column":35},"end":{"line":1,"column":56}},"1":{"start":{"line":9,"column":0},"end":{"line":23,"column":1}},"2":{"start":{"line":11,"column":4},"end":{"line":22,"column":8}},"3":{"start":{"line":12,"column":22},"end":{"line":12,"column":78}},"4":{"start":{"line":14,"column":8},"end":{"line":14,"column":75}},"5":{"start":{"line":14,"column":31},"end":{"line":14,"column":75}},"6":{"start":{"line":16,"column":8},"end":{"line":19,"column":10}},"7":{"start":{"line":17,"column":12},"end":{"line":17,"column":30}},"8":{"start":{"line":18,"column":12},"end":{"line":18,"column":27}},"9":{"start":{"line":21,"column":8},"end":{"line":21,"column":20}}},"fnMap":{"0":{"name":"(anonymous_0)","decl":{"start":{"line":9,"column":17},"end":{"line":9,"column":18}},"loc":{"start":{"line":9,"column":27},"end":{"line":23,"column":1}},"line":9},"1":{"name":"(anonymous_1)","decl":{"start":{"line":11,"column":11},"end":{"line":11,"column":12}},"loc":{"start":{"line":11,"column":23},"end":{"line":22,"column":5}},"line":11},"2":{"name":"(anonymous_2)","decl":{"start":{"line":16,"column":22},"end":{"line":16,"column":23}},"loc":{"start":{"line":16,"column":30},"end":{"line":19,"column":9}},"line":16}},"branchMap":{"0":{"loc":{"start":{"line":14,"column":8},"end":{"line":14,"column":75}},"type":"if","locations":[{"start":{"line":14,"column":8},"end":{"line":14,"column":75}},{"start":{"line":14,"column":8},"end":{"line":14,"column":75}}],"line":14}},"s":{"0":1,"1":1,"2":2,"3":2,"4":2,"5":1,"6":1,"7":4,"8":4,"9":1},"f":{"0":2,"1":2,"2":4},"b":{"0":[1,1]},"_coverageSchema":"43e27e138ebf9cfc5966b082cf9a028302ed4184","hash":"4f9452ba8595ac11b4a166ae4afda4149f58fa4d","contentHash":"9fe4af9a32999e4bab5435fa6a99ff76048dec82ce8cbbf4c4bb80abfd47e2a3"},"/Users/juampi/bootcamp/collab/skylab-bootcamp-201907/staff/juan-bovo/vltra/vltra-api/logic/post/retrieve-post/index.spec.js":{"path":"/Users/juampi/bootcamp/collab/skylab-bootcamp-201907/staff/juan-bovo/vltra/vltra-api/logic/post/retrieve-post/index.spec.js","statementMap":{"0":{"start":{"line":1,"column":0},"end":{"line":1,"column":26}},"1":{"start":{"line":3,"column":19},"end":{"line":3,"column":34}},"2":{"start":{"line":4,"column":21},"end":{"line":4,"column":33}},"3":{"start":{"line":5,"column":45},"end":{"line":5,"column":66}},"4":{"start":{"line":7,"column":32},"end":{"line":7,"column":39}},"5":{"start":{"line":9,"column":0},"end":{"line":85,"column":2}},"6":{"start":{"line":10,"column":4},"end":{"line":10,"column":48}},"7":{"start":{"line":10,"column":18},"end":{"line":10,"column":47}},"8":{"start":{"line":14,"column":4},"end":{"line":40,"column":6}},"9":{"start":{"line":15,"column":8},"end":{"line":15,"column":31}},"10":{"start":{"line":16,"column":8},"end":{"line":16,"column":31}},"11":{"start":{"line":20,"column":8},"end":{"line":20,"column":38}},"12":{"start":{"line":21,"column":8},"end":{"line":21,"column":44}},"13":{"start":{"line":22,"column":8},"end":{"line":22,"column":46}},"14":{"start":{"line":23,"column":8},"end":{"line":23,"column":50}},"15":{"start":{"line":24,"column":8},"end":{"line":24,"column":41}},"16":{"start":{"line":25,"column":8},"end":{"line":25,"column":22}},"17":{"start":{"line":26,"column":8},"end":{"line":26,"column":18}},"18":{"start":{"line":28,"column":21},"end":{"line":28,"column":127}},"19":{"start":{"line":30,"column":8},"end":{"line":30,"column":40}},"20":{"start":{"line":31,"column":8},"end":{"line":31,"column":38}},"21":{"start":{"line":32,"column":8},"end":{"line":32,"column":24}},"22":{"start":{"line":33,"column":8},"end":{"line":33,"column":23}},"23":{"start":{"line":34,"column":8},"end":{"line":34,"column":21}},"24":{"start":{"line":35,"column":8},"end":{"line":35,"column":18}},"25":{"start":{"line":37,"column":21},"end":{"line":37,"column":84}},"26":{"start":{"line":38,"column":8},"end":{"line":38,"column":24}},"27":{"start":{"line":42,"column":4},"end":{"line":53,"column":6}},"28":{"start":{"line":43,"column":21},"end":{"line":43,"column":47}},"29":{"start":{"line":45,"column":8},"end":{"line":45,"column":29}},"30":{"start":{"line":46,"column":8},"end":{"line":46,"column":51}},"31":{"start":{"line":47,"column":8},"end":{"line":47,"column":42}},"32":{"start":{"line":48,"column":8},"end":{"line":48,"column":40}},"33":{"start":{"line":49,"column":8},"end":{"line":49,"column":59}},"34":{"start":{"line":50,"column":8},"end":{"line":50,"column":34}},"35":{"start":{"line":51,"column":8},"end":{"line":51,"column":47}},"36":{"start":{"line":52,"column":8},"end":{"line":52,"column":44}},"37":{"start":{"line":55,"column":4},"end":{"line":64,"column":6}},"38":{"start":{"line":56,"column":24},"end":{"line":56,"column":50}},"39":{"start":{"line":57,"column":8},"end":{"line":63,"column":13}},"40":{"start":{"line":58,"column":12},"end":{"line":58,"column":39}},"41":{"start":{"line":59,"column":12},"end":{"line":59,"column":58}},"42":{"start":{"line":61,"column":16},"end":{"line":61,"column":38}},"43":{"start":{"line":62,"column":16},"end":{"line":62,"column":88}},"44":{"start":{"line":66,"column":4},"end":{"line":70,"column":5}},"45":{"start":{"line":67,"column":8},"end":{"line":69,"column":46}},"46":{"start":{"line":68,"column":12},"end":{"line":68,"column":28}},"47":{"start":{"line":72,"column":4},"end":{"line":76,"column":5}},"48":{"start":{"line":73,"column":8},"end":{"line":75,"column":65}},"49":{"start":{"line":74,"column":12},"end":{"line":74,"column":35}},"50":{"start":{"line":78,"column":4},"end":{"line":82,"column":5}},"51":{"start":{"line":79,"column":8},"end":{"line":81,"column":59}},"52":{"start":{"line":80,"column":12},"end":{"line":80,"column":29}},"53":{"start":{"line":84,"column":0},"end":{"line":84,"column":34}},"54":{"start":{"line":84,"column":12},"end":{"line":84,"column":33}}},"fnMap":{"0":{"name":"(anonymous_0)","decl":{"start":{"line":9,"column":34},"end":{"line":9,"column":35}},"loc":{"start":{"line":9,"column":40},"end":{"line":85,"column":1}},"line":9},"1":{"name":"(anonymous_1)","decl":{"start":{"line":10,"column":11},"end":{"line":10,"column":12}},"loc":{"start":{"line":10,"column":18},"end":{"line":10,"column":47}},"line":10},"2":{"name":"(anonymous_2)","decl":{"start":{"line":14,"column":15},"end":{"line":14,"column":16}},"loc":{"start":{"line":14,"column":27},"end":{"line":40,"column":5}},"line":14},"3":{"name":"(anonymous_3)","decl":{"start":{"line":42,"column":39},"end":{"line":42,"column":40}},"loc":{"start":{"line":42,"column":51},"end":{"line":53,"column":5}},"line":42},"4":{"name":"(anonymous_4)","decl":{"start":{"line":55,"column":34},"end":{"line":55,"column":35}},"loc":{"start":{"line":55,"column":46},"end":{"line":64,"column":5}},"line":55},"5":{"name":"(anonymous_5)","decl":{"start":{"line":66,"column":34},"end":{"line":66,"column":35}},"loc":{"start":{"line":67,"column":8},"end":{"line":69,"column":46}},"line":67},"6":{"name":"(anonymous_6)","decl":{"start":{"line":67,"column":15},"end":{"line":67,"column":16}},"loc":{"start":{"line":68,"column":12},"end":{"line":68,"column":28}},"line":68},"7":{"name":"(anonymous_7)","decl":{"start":{"line":72,"column":38},"end":{"line":72,"column":39}},"loc":{"start":{"line":73,"column":8},"end":{"line":75,"column":65}},"line":73},"8":{"name":"(anonymous_8)","decl":{"start":{"line":73,"column":15},"end":{"line":73,"column":16}},"loc":{"start":{"line":74,"column":12},"end":{"line":74,"column":35}},"line":74},"9":{"name":"(anonymous_9)","decl":{"start":{"line":78,"column":4
[...]
},"32":{"start":{"line":57,"column":12},"end":{"line":57,"column":70}},"33":{"start":{"line":60,"column":12},"end":{"line":60,"column":91}},"34":{"start":{"line":64,"column":4},"end":{"line":71,"column":6}},"35":{"start":{"line":65,"column":8},"end":{"line":70,"column":9}},"36":{"start":{"line":66,"column":12},"end":{"line":66,"column":60}},"37":{"start":{"line":69,"column":12},"end":{"line":69,"column":57}},"38":{"start":{"line":73,"column":4},"end":{"line":81,"column":6}},"39":{"start":{"line":74,"column":8},"end":{"line":80,"column":9}},"40":{"start":{"line":75,"column":12},"end":{"line":75,"column":53}},"41":{"start":{"line":76,"column":12},"end":{"line":76,"column":58}},"42":{"start":{"line":78,"column":12},"end":{"line":78,"column":34}},"43":{"start":{"line":79,"column":12},"end":{"line":79,"column":84}},"44":{"start":{"line":82,"column":4},"end":{"line":90,"column":6}},"45":{"start":{"line":83,"column":8},"end":{"line":89,"column":9}},"46":{"start":{"line":84,"column":12},"end":{"line":84,"column":66}},"47":{"start":{"line":85,"column":12},"end":{"line":85,"column":58}},"48":{"start":{"line":87,"column":12},"end":{"line":87,"column":34}},"49":{"start":{"line":88,"column":12},"end":{"line":88,"column":93}},"50":{"start":{"line":91,"column":4},"end":{"line":99,"column":6}},"51":{"start":{"line":92,"column":8},"end":{"line":98,"column":9}},"52":{"start":{"line":93,"column":12},"end":{"line":93,"column":60}},"53":{"start":{"line":94,"column":12},"end":{"line":94,"column":58}},"54":{"start":{"line":96,"column":12},"end":{"line":96,"column":34}},"55":{"start":{"line":97,"column":12},"end":{"line":97,"column":87}},"56":{"start":{"line":101,"column":4},"end":{"line":109,"column":6}},"57":{"start":{"line":102,"column":8},"end":{"line":108,"column":9}},"58":{"start":{"line":103,"column":12},"end":{"line":103,"column":50}},"59":{"start":{"line":104,"column":12},"end":{"line":104,"column":58}},"60":{"start":{"line":106,"column":12},"end":{"line":106,"column":34}},"61":{"start":{"line":107,"column":12},"end":{"line":107,"column":69}},"62":{"start":{"line":110,"column":4},"end":{"line":118,"column":6}},"63":{"start":{"line":111,"column":8},"end":{"line":117,"column":9}},"64":{"start":{"line":112,"column":12},"end":{"line":112,"column":63}},"65":{"start":{"line":113,"column":12},"end":{"line":113,"column":58}},"66":{"start":{"line":115,"column":12},"end":{"line":115,"column":34}},"67":{"start":{"line":116,"column":12},"end":{"line":116,"column":88}},"68":{"start":{"line":119,"column":4},"end":{"line":127,"column":6}},"69":{"start":{"line":120,"column":8},"end":{"line":126,"column":9}},"70":{"start":{"line":121,"column":12},"end":{"line":121,"column":57}},"71":{"start":{"line":122,"column":12},"end":{"line":122,"column":58}},"72":{"start":{"line":124,"column":12},"end":{"line":124,"column":34}},"73":{"start":{"line":125,"column":12},"end":{"line":125,"column":82}},"74":{"start":{"line":129,"column":4},"end":{"line":137,"column":6}},"75":{"start":{"line":130,"column":8},"end":{"line":136,"column":9}},"76":{"start":{"line":131,"column":12},"end":{"line":131,"column":47}},"77":{"start":{"line":132,"column":12},"end":{"line":132,"column":58}},"78":{"start":{"line":134,"column":12},"end":{"line":134,"column":34}},"79":{"start":{"line":135,"column":12},"end":{"line":135,"column":72}},"80":{"start":{"line":138,"column":4},"end":{"line":146,"column":6}},"81":{"start":{"line":139,"column":8},"end":{"line":145,"column":9}},"82":{"start":{"line":140,"column":12},"end":{"line":140,"column":60}},"83":{"start":{"line":141,"column":12},"end":{"line":141,"column":58}},"84":{"start":{"line":143,"column":12},"end":{"line":143,"column":34}},"85":{"start":{"line":144,"column":12},"end":{"line":144,"column":91}},"86":{"start":{"line":147,"column":4},"end":{"line":155,"column":6}},"87":{"start":{"line":148,"column":8},"end":{"line":154,"column":9}},"88":{"start":{"line":149,"column":12},"end":{"line":149,"column":54}},"89":{"start":{"line":152,"column":12},"end":{"line":152,"column":34}},"90":{"start":{"line":153,"column":12},"end":{"line":153,"column":85}},"91":{"start":{"line":157,"column":4},"end":{"line":157,"column":38}},"92":{"start":{"line":157,"column":16},"end":{"line":157,"column":37}}},"fnMap":{"0":{"name":"(anonymous_0)","decl":{"start":{"line":11,"column":36},"end":{"line":11,"column":37}},"loc":{"start":{"line":11,"column":42},"end":{"line":158,"column":1}},"line":11},"1":{"name":"(anonymous_1)","decl":{"start":{"line":12,"column":11},"end":{"line":12,"column":12}},"loc":{"start":{"line":12,"column":17},"end":{"line":12,"column":46}},"line":12},"2":{"name":"(anonymous_2)","decl":{"start":{"line":16,"column":15},"end":{"line":16,"column":16}},"loc":{"start":{"line":16,"column":27},"end":{"line":33,"column":5}},"line":16},"3":{"name":"(anonymous_3)","decl":{"start":{"line":35,"column":41},"end":{"line":35,"column":42}},"loc":{"start":{"line":35,"column":53},"end":{"line":44,"column":5}},"line":35},"4":{"name":"(anonymous_4)","decl":{"start":{"line":46,"column":44},"end":{"line":46,"column":45}},"loc":{"start":{"line":46,"column":56},"end":{"line":53,"column":5}},"line":46},"5":{"name":"(anonymous_5)","decl":{"start":{"line":55,"column":47},"end":{"line":55,"column":48}},"loc":{"start":{"line":55,"column":59},"end":{"line":62,"column":5}},"line":55},"6":{"name":"(anonymous_6)","decl":{"start":{"line":64,"column":59},"end":{"line":64,"column":60}},"loc":{"start":{"line":64,"column":71},"end":{"line":71,"column":5}},"line":64},"7":{"name":"(anonymous_7)","decl":{"start":{"line":73,"column":34},"end":{"line":73,"column":35}},"loc":{"start":{"line":73,"column":46},"end":{"line":81,"column":5}},"line":73},"8":{"name":"(anonymous_8)","decl":{"start":{"line":82,"column":38},"end":{"line":82,"column":39}},"loc":{"start":{"line":82,"column":50},"end":{"line":90,"column":5}},"line":82},"9":{"name":"(anonymous_9)","decl":{"start":{"line":91,"column":44},"end":{"line":91,"column":45}},"loc":{"start":{"line":91,"column":56},"end":{"line":99,"column":5}},"line":91},"10":{"name":"(anonymous_10)","decl":{"start":{"line":101,"column":37},"end":{"line":101,"column":38}},"loc":{"start":{"line":101,"column":49},"end":{"line":109,"column":5}},"line":101},"11":{"name":"(anonymous_11)","decl":{"start":{"line":110,"column":41},"end":{"line":110,"column":42}},"loc":{"start":{"line":110,"column":53},"end":{"line":118,"column":5}},"line":110},"12":{"name":"(anonymous_12)","decl":{"start":{"line":119,"column":47},"end":{"line":119,"column":48}},"loc":{"start":{"line":119,"column":59},"end":{"line":127,"column":5}},"line":119},"13":{"name":"(anonymous_13)","decl":{"start":{"line":129,"column":40},"end":{"line":129,"column":41}},"loc":{"start":{"line":129,"column":52},"end":{"line":137,"column":5}},"line":129},"14":{"name":"(anonymous_14)","decl":{"start":{"line":138,"column":44},"end":{"line":138,"column":45}},"loc":{"start":{"line":138,"column":56},"end":{"line":146,"column":5}},"line":138},"15":{"name":"(anonymous_15)","decl":{"start":{"line":147,"column":50},"end":{"line":147,"column":51}},"loc":{"start":{"line":147,"column":62},"end":{"line":155,"column":5}},"line":147},"16":{"name":"(anonymous_16)","decl":{"start":{"line":157,"column":10},"end":{"line":157,"column":11}},"loc":{"start":{"line":157,"column":16},"end":{"line":157,"column":37}},"line":157}},"branchMap":{},"s":{"0":1,"1":1,"2":1,"3":1,"4":1,"5":1,"6":1,"7":1,"8":1,"9":1,"10":13,"11":13,"12":13,"13":13,"14":13,"15":13,"16":13,"17":13,"18":13,"19":13,"20":13,"21":1,"22":1,"23":1,"24":1,"25":1,"26":1,"27":1,"28":1,"29":0,"30":1,"31":1,"32":1,"33":1,"34":1,"35":1,"36":1,"37":1,"38":1,"39":1,"40":1,"41":0,"42":1,"43":1,"44":1,"45":1,"46":1,"47":0,"48":1,"49":1,"50":1,"51":1,"52":1,"53":0,"54":1,"55":1,"56":1,"57":1,"58":1,"59":0,"60":1,"61":1,"62":1,"63":1,"64":1,"65":0,"66":1,"67":1,"68":1,"69":1,"70":1,"71":0,"72":1,"73":1,"74":1,"75":1,"76":1,"77":0,"78":1,"79":1,"80":1,"81":1,"82":1,"83":0,"84":1,"85":1,"86":1,"87":1,"88":1,"89":1,"90":1,"91":1,"92":1},"f":{"0":1,"1":1,"2":13,"3":1,"4":1,"5":1,"6":1,"7":1,"8":1,"9":1,"10":1,"11":1,"12":1,"13":1,"14":1,"15":1,"16":1},"b":{},"_coverageSchema":"43e27e138ebf9cfc5966b082cf9a028302ed4184","hash":"32425ca7864273a7d16df7b88a631dddaeaaedd8","contentHash":"8d185875cf13050ea07f381f3f9252660f45408bd8c5018b269cd28a81cee594"},"/Users/juampi/bootcamp/collab/skylab-bootcamp-201907/staff/juan-bovo/vltra/vltra-api/logic/user/unregister-user/index.js":{"path":"/Users/juampi/bootcamp/collab/skylab-bootcamp-201907/staff/juan-bovo/vltra/vltra-api/logic/user/unregister-user/index.js","statementMap":{"0":{"start":{"line":1,"column":29},"end":{"line":1,"column":50}},"1":{"start":{"line":2,"column":20},"end":{"line":2,"column":42}},"2":{"start":{"line":3,"column":15},"end":{"line":3,"column":34}},"3":{"start":{"line":16,"column":0},"end":{"line":32,"column":1}},"4":{"start":{"line":18,"column":4},"end":{"line":18,"column":31}},"5":{"start":{"line":19,"column":4},"end":{"line":19,"column":35}},"6":{"start":{"line":20,"column":4},"end":{"line":20,"column":34}},"7":{"start":{"line":21,"column":4},"end":{"line":21,"column":41}},"8":{"start":{"line":23,"column":4},"end":{"line":31,"column":8}},"9":{"start":{"line":24,"column":21},"end":{"line":24,"column":50}},"10":{"start":{"line":25,"column":8},"end":{"line":25,"column":77}},"11":{"start":{"line":25,"column":18},"end":{"line":25,"column":77}},"12":{"start":{"line":27,"column":22},"end":{"line":27,"column":68}},"13":{"start":{"line":28,"column":8},"end":{"line":28,"column":56}},"14":{"start":{"line":28,"column":19},"end":{"line":28,"column":56}},"15":{"start":{"line":30,"column":23},"end":{"line":30,"column":63}}},"fnMap":{"0":{"name":"(anonymous_0)","decl":{"start":{"line":16,"column":17},"end":{"line":16,"column":18}},"loc":{"start":{"line":16,"column":47},"end":{"line":32,"column":1}},"line":16},"1":{"name":"(anonymous_1)","decl":{"start":{"line":23,"column":11},"end":{"line":23,"column":12}},"loc":{"start":{"line":23,"column":21},"end":{"line":31,"column":5}},"line":23}},"branchMap":{"0":{"loc":{"start":{"line":25,"column":8},"end":{"line":25,"column":77}},"type":"if","locations":[{"start":{"line":25,"column":8},"end":{"line":25,"column":77}},{"start":{"line":25,"column":8},"end":{"line":25,"column":77}}],"line":25},"1":{"loc":{"start":{"line":28,"column":8},"end":{"line":28,"column":56}},"type":"if","locations":[{"start":{"line":28,"column":8},"end":{"line":28,"column":56}},{"start":{"line":28,"column":8},"end":{"line":28,"column":56}}],"line":28}},"s":{"0":1,"1":1,"2":1,"3":1,"4":13,"5":10,"6":7,"7":7,"8":4,"9":4,"10":4,"11":1,"12":3,"13":3,"14":1,"15":2},"f":{"0":13,"1":4},"b":{"0":[1,3],"1":[1,2]},"_coverageSchema":"43e27e138ebf9cfc5966b082cf9a028302ed4184","hash":"76a370360fcb5dec2f0b8b0a92c6d744ce31ae88","contentHash":"ee3f29db272f94eae0b7c4089f173e4b34a78bef0f0cefb3d3527a934936f372"},"/Users/juampi/bootcamp/collab/skylab-bootcamp-201907/staff/juan-bovo/vltra/vltra-api/logic/user/update-user/index.spec.js":{"path":"/Users/juampi/bootcamp/collab/skylab-bootcamp-201907/staff/juan-bovo/vltra/vltra-api/logic/user/update-user/index.spec.js","statementMap":{"0":{"start":{"line":1,"column":0},"end":{"line":1,"column":26}},"1":{"start":{"line":3,"column":19},"end":{"line":3,"column":34}},"2":{"start":{"line":4,"column":19},"end":{"line":4,"column":31}},"3":{"start":{"line":5,"column":39},"end":{"line":5,"column":60}},"4":{"start":{"line":7,"column":32},"end":{"line":7,"column":39}},"5":{"start":{"line":8,"column":0},"end":{"line":125,"column":2}},"6":{"start":{"line":10,"column":4},"end":{"line":10,"column":47}},"7":{"start":{"line":10,"column":17},"end":{"line":10,"column":46}},"8":{"start":{"line":14,"column":4},"end":{"line":37,"column":6}},"9":{"start":{"line":15,"column":8},"end":{"line":15,"column":38}},"10":{"start":{"line":16,"column":8},"end":{"line":16,"column":44}},"11":{"start":{"line":17,"column":8},"end":{"line":17,"column":46}},"12":{"start":{"line":18,"column":8},"end":{"line":18,"column":51}},"13":{"start":{"line":19,"column":8},"end":{"line":19,"column":46}},"14":{"start":{"line":20,"column":8},"end":{"line":20,"column":22}},"15":{"start":{"line":21,"column":8},"end":{"line":21,"column":18}},"16":{"start":{"line":23,"column":8},"end":{"line":32,"column":9}},"17":{"start":{"line":34,"column":8},"end":{"line":34,"column":31}},"18":{"start":{"line":35,"column":25},"end":{"line":35,"column":131}},"19":{"start":{"line":36,"column":12},"end":{"line":36,"column":24}},"20":{"start":{"line":39,"column":4},"end":{"line":51,"column":6}},"21":{"start":{"line":40,"column":23},"end":{"line":40,"column":49}},"22":{"start":{"line":42,"column":12},"end":{"line":42,"column":39}},"23":{"start":{"line":44,"column":25},"end":{"line":44,"column":49}},"24":{"start":{"line":45,"column":16},"end":{"line":45,"column":37}},"25":{"start":{"line":46,"column":16},"end":{"line":46,"column":53}},"26":{"start":{"line":47,"column":16},"end":{"line":47,"column":59}},"27":{"start":{"line":48,"column":16},"end":{"line":48,"column":55}},"28":{"start":{"line":49,"column":16},"end":{"line":49,"column":61}},"29":{"start":{"line":50,"column":16},"end":{"line":50,"column":47}},"30":{"start":{"line":54,"column":4},"end":{"line":63,"column":6}},"31":{"start":{"line":55,"column":8},"end":{"line":55,"column":39}},"32":{"start":{"line":56,"column":8},"end":{"line":61,"column":9}},"33":{"start":{"line":57,"column":12},"end":{"line":57,"column":62}},"34":{"start":{"line":60,"column":12},"end":{"line":60,"column":73}},"35":{"start":{"line":65,"column":4},"end":{"line":73,"column":6}},"36":{"start":{"line":67,"column":10},"end":{"line":72,"column":9}},"37":{"start":{"line":68,"column":12},"end":{"line":68,"column":38}},"38":{"start":{"line":71,"column":12},"end":{"line":71,"column":60}},"39":{"start":{"line":75,"column":4},"end":{"line":83,"column":5}},"40":{"start":{"line":77,"column":8},"end":{"line":82,"column":7}},"41":{"start":{"line":78,"column":10},"end":{"line":78,"column":37}},"42":{"start":{"line":81,"column":10},"end":{"line":81,"column":77}},"43":{"start":{"line":85,"column":3},"end":{"line":93,"column":5}},"44":{"start":{"line":86,"column":7},"end":{"line":91,"column":11}},"45":{"start":{"line":87,"column":14},"end":{"line":87,"column":35}},"46":{"start":{"line":90,"column":14},"end":{"line":90,"column":75}},"47":{"start":{"line":94,"column":3},"end":{"line":102,"column":6}},"48":{"start":{"line":95,"column":4},"end":{"line":100,"column":8}},"49":{"start":{"line":96,"column":11},"end":{"line":96,"column":35}},"50":{"start":{"line":99,"column":11},"end":{"line":99,"column":72}},"51":{"start":{"line":104,"column":4},"end":{"line":112,"column":10}},"52":{"start":{"line":105,"column":8},"end":{"line":110,"column":12}},"53":{"start":{"line":106,"column":15},"end":{"line":106,"column":46}},"54":{"start":{"line":109,"column":15},"end":{"line":109,"column":85}},"55":{"start":{"line":114,"column":4},"end":{"line":122,"column":10}},"56":{"start":{"line":115,"column":8},"end":{"line":120,"column":13}},"57":{"start":{"line":116,"column":16},"end":{"line":116,"column":41}},"58":{"start":{"line":119,"column":16},"end":{"line":119,"column":80}},"59":{"start":{"line":124,"column":4},"end":{"line":124,"column":38}},"60":{"start":{"line":124,"column":16},"end":{"line":124,"column":37}}},"fnMap":{"0":{"name":"(anonymous_0)","decl":{"start":{"line":8,"column":32},"end":{"line":8,"column":33}},"loc":{"start":{"line":8,"column":38},"end":{"line":125,"column":1}},"line":8},"1":{"name":"(anonymous_1)","decl":{"start":{"line":10,"column":11},"end":{"line":10,"column":12}},"loc":{"start":{"line":10,"column":17},"end":{"line":10,"column":46}},"line":10},"2":{"name":"(anonymous_2)","decl":{"start":{"line":14,"column":15},"end":{"line":14,"column":16}},"loc":{"start":{"line":14,"column":27},"end":{"line":37,"column":5}},"line":14},"3":{"name":"(anonymous_3)","decl":{"start":{"line":39,"column":41},"end":{"line":39,"column":42}},"loc":{"start":{"line":39,"column":52},"end":{"line":51,"column":5}},"line":39},"4":{"name":"(anonymous_4)","decl":{"start":{"line":54,"column":43},"end":{"line":54,"column":44}},"loc":{"start":{"line":54,"column":55},"end":{"line":63,"column":5}},"line":54},"5":{"name":"(anonymous_5)","decl":{"start":{"line":65,"column":34},"end":{"line":65,"column":35}},"loc":{"start":{"line":65,"column":46},"end":{"line":73,"column":5}},"line":65},"6":{"name":"(anonymous_6)","decl":{"start":{"line":75,"column":38},"end":{"line":75,"column":39}},"loc":{"start":{"line":75,"column":50},"end":{"line":83,"column":4}},"line":75},"7":{"name":"(anonymous_7)","decl":{"start":{"line":85,"column":43},"end":{"line":85,"column":44}},"loc":{"start":{"line":85,"column":54},"end":{"line":93,"column":4}},"line":85},"8":{"name":"(anonymous_8)","decl":{"start":{"line":94,"column":35},"end":{"line":94,"column":36}},"loc":{"start":{"line":94,"column":46},"end":{"line":102,"column":5}},"line":94},"9":{"name":"(anonymous_9)","decl":{"start":{"line":104,"column":40},"end":{"line":104,"column":41}},"loc":{"start":{"line":104,"column":51},"end":{"line":112,"column":9}},"line":104},"10":{"name":"(anonymous_10)","decl":{"start":{"line":114,"column":46},"end":{"line":114,"column":47}},"loc":{"start":{"line":114,"column":57},"end":{"line":122,"column":9}},"line":114},"11":{"name":"(anonymous_11)","decl":{"start":{"line":124,"column":10},"end":{"line":124,"column":11}},"loc":{"start":{"line":124,"column":16},"end":{"line":124,"column":37}},"line":124}},"branchMap":{},"s":{"0":1,"1":1,"2":1,"3":1,"4":1,"5":1,"6":1,"7":1,"8":1,"9":8,"10":8,"11":8,"12":8,"13":8,"14":8,"15":8,"16":8,"17":8,"18":8,"19":8,"20":1,"21":1,"22":1,"23":1,"24":1,"25":1,"26":1,"27":1,"28":1,"29":1,"30":1,"31":1,"32":1,"33":1,"34":1,"35":1,"36":1,"37":1,"38":1,"39":1,"40":1,"41":1,"42":1,"43":1,"44":1,"45":1,"46":1,"47":1,"48":1,"49":1,"50":1,"51":1,"52":1,"53":1,"54":1,"55":1,"56":1,"57":1,"58":1,"59":1,"60":1},"f":{"0":1,"1":1,"2":8,"3":1,"4":1,"5":1,"6":1,"7":1,"8":1,"9":1,"10":1,"11":1},"b":{},"_coverageSchema":"43e27e138ebf9cfc5966b082cf9a028302ed4184","hash":"b219385517016abe8530fd697fa52dfba601c8c8","contentHash":"d3653fd12feeff18cb06198dff13a4504cedbefa2ddc4535e3433f6d5164a11d"},"/Users/juampi/bootcamp/collab/skylab-bootcamp-201907/staff/juan-bovo/vltra/vltra-api/logic/user/update-user/index.js":{"path":"/Users/juampi/bootcamp/collab/skylab-bootcamp-201907/staff/juan-bovo/vltra/vltra-api/logic/user/update-user/index.js","statementMap":{"0":{"start":{"line":1,"column":29},"end":{"line":1,"column":50}},"1":{"start":{"line":2,"column":20},"end":{"line":2,"column":42}},"2":{"start":{"line":13,"column":0},"end":{"line":21,"column":1}},"3":{"start":{"line":14,"column":4},"end":{"line":14,"column":29}},"4":{"start":{"line":15,"column":4},"end":{"line":15,"column":33}},"5":{"start":{"line":17,"column":4},"end":{"line":20,"column":8}},"6":{"start":{"line":18,"column":23},"end":{"line":18,"column":71}},"7":{"start":{"line":19,"column":8},"end":{"line":19,"column":73}},"8":{"start":{"line":19,"column":21},"end":{"line":19,"column":73}}},"fnMap":{"0":{"name":"(anonymous_0)","decl":{"start":{"line":13,"column":17},"end":{"line":13,"column":18}},"loc":{"start":{"line":13,"column":37},"end":{"line":21,"column":1}},"line":13},"1":{"name":"(anonymous_1)","decl":{"start":{"line":17,"column":12},"end":{"line":17,"column":13}},"loc":{"start":{"line":17,"column":24},"end":{"line":20,"column":5}},"line":17}},"branchMap":{"0":{"loc":{"start":{"line":19,"column":8},"end":{"line":19,"column":73}},"type":"if","locations":[{"start":{"line":19,"column":8},"end":{"line":19,"column":73}},{"start":{"line":19,"column":8},"end":{"line":19,"column":73}}],"line":19}},"s":{"0":1,"1":1,"2":1,"3":8,"4":5,"5":2,"6":2,"7":2,"8":1},"f":{"0":8,"1":2},"b":{"0":[1,1]},"_coverageSchema":"43e27e138ebf9cfc5966b082cf9a028302ed4184","hash":"29c29f18ace3d81a84094abbb5948bba7176d01c","contentHash":"b7e23a44c4be66e30e749db984f8cc890cc7b4fdcafbaaecdef6d5a24cc903a7"}}